ARM GAS  C:\Users\Simone\AppData\Local\Temp\ccZJHrY5.s 			page 1


   1              		.syntax unified
   2              		.cpu cortex-m3
   3              		.fpu softvfp
   4              		.eabi_attribute 20, 1
   5              		.eabi_attribute 21, 1
   6              		.eabi_attribute 23, 3
   7              		.eabi_attribute 24, 1
   8              		.eabi_attribute 25, 1
   9              		.eabi_attribute 26, 1
  10              		.eabi_attribute 30, 1
  11              		.eabi_attribute 34, 1
  12              		.eabi_attribute 18, 4
  13              		.thumb
  14              		.syntax unified
  15              		.file	"cymetadata.c"
  16              		.text
  17              	.Ltext0:
  18              		.cfi_sections	.debug_frame
  19              		.global	cy_metadata
  20              		.global	cy_meta_flashprotect
  21              		.global	cy_meta_wonvl
  22              		.global	cy_meta_custnvl
  23              		.global	cy_meta_configecc
  24              		.section	.cyconfigecc,"a",%progbits
  25              		.align	2
  26              		.type	cy_meta_configecc, %object
  27              		.size	cy_meta_configecc, 1072
  28              	cy_meta_configecc:
  29 0000 01       		.byte	1
  30 0001 64       		.byte	100
  31 0002 00       		.byte	0
  32 0003 40       		.byte	64
  33 0004 02       		.byte	2
  34 0005 65       		.byte	101
  35 0006 00       		.byte	0
  36 0007 40       		.byte	64
  37 0008 5C       		.byte	92
  38 0009 08       		.byte	8
  39 000a 01       		.byte	1
  40 000b 40       		.byte	64
  41 000c 35       		.byte	53
  42 000d 09       		.byte	9
  43 000e 01       		.byte	1
  44 000f 40       		.byte	64
  45 0010 03       		.byte	3
  46 0011 15       		.byte	21
  47 0012 01       		.byte	1
  48 0013 40       		.byte	64
  49 0014 01       		.byte	1
  50 0015 17       		.byte	23
  51 0016 01       		.byte	1
  52 0017 40       		.byte	64
  53 0018 40       		.byte	64
  54 0019 18       		.byte	24
  55 001a 01       		.byte	1
  56 001b 40       		.byte	64
  57 001c 45       		.byte	69
ARM GAS  C:\Users\Simone\AppData\Local\Temp\ccZJHrY5.s 			page 2


  58 001d 19       		.byte	25
  59 001e 01       		.byte	1
  60 001f 40       		.byte	64
  61 0020 19       		.byte	25
  62 0021 1A       		.byte	26
  63 0022 01       		.byte	1
  64 0023 40       		.byte	64
  65 0024 40       		.byte	64
  66 0025 1B       		.byte	27
  67 0026 01       		.byte	1
  68 0027 40       		.byte	64
  69 0028 02       		.byte	2
  70 0029 42       		.byte	66
  71 002a 01       		.byte	1
  72 002b 40       		.byte	64
  73 002c 01       		.byte	1
  74 002d 43       		.byte	67
  75 002e 01       		.byte	1
  76 002f 40       		.byte	64
  77 0030 03       		.byte	3
  78 0031 48       		.byte	72
  79 0032 01       		.byte	1
  80 0033 40       		.byte	64
  81 0034 10       		.byte	16
  82 0035 49       		.byte	73
  83 0036 01       		.byte	1
  84 0037 40       		.byte	64
  85 0038 08       		.byte	8
  86 0039 4C       		.byte	76
  87 003a 01       		.byte	1
  88 003b 40       		.byte	64
  89 003c 0D       		.byte	13
  90 003d 4D       		.byte	77
  91 003e 01       		.byte	1
  92 003f 40       		.byte	64
  93 0040 04       		.byte	4
  94 0041 50       		.byte	80
  95 0042 01       		.byte	1
  96 0043 40       		.byte	64
  97 0044 01       		.byte	1
  98 0045 51       		.byte	81
  99 0046 01       		.byte	1
 100 0047 40       		.byte	64
 101 0048 89       		.byte	-119
 102 0049 0F       		.byte	15
 103 004a 88       		.byte	-120
 104 004b 72       		.byte	114
 105 004c 89       		.byte	-119
 106 004d 3C       		.byte	60
 107 004e 01       		.byte	1
 108 004f 02       		.byte	2
 109 0050 03       		.byte	3
 110 0051 01       		.byte	1
 111 0052 07       		.byte	7
 112 0053 01       		.byte	1
 113 0054 0B       		.byte	11
 114 0055 01       		.byte	1
ARM GAS  C:\Users\Simone\AppData\Local\Temp\ccZJHrY5.s 			page 3


 115 0056 0F       		.byte	15
 116 0057 02       		.byte	2
 117 0058 10       		.byte	16
 118 0059 03       		.byte	3
 119 005a 13       		.byte	19
 120 005b 03       		.byte	3
 121 005c 15       		.byte	21
 122 005d 04       		.byte	4
 123 005e 16       		.byte	22
 124 005f 01       		.byte	1
 125 0060 20       		.byte	32
 126 0061 02       		.byte	2
 127 0062 24       		.byte	36
 128 0063 03       		.byte	3
 129 0064 25       		.byte	37
 130 0065 04       		.byte	4
 131 0066 29       		.byte	41
 132 0067 04       		.byte	4
 133 0068 2D       		.byte	45
 134 0069 04       		.byte	4
 135 006a 32       		.byte	50
 136 006b 03       		.byte	3
 137 006c 33       		.byte	51
 138 006d 04       		.byte	4
 139 006e 35       		.byte	53
 140 006f 03       		.byte	3
 141 0070 38       		.byte	56
 142 0071 08       		.byte	8
 143 0072 3B       		.byte	59
 144 0073 20       		.byte	32
 145 0074 3E       		.byte	62
 146 0075 04       		.byte	4
 147 0076 3F       		.byte	63
 148 0077 04       		.byte	4
 149 0078 40       		.byte	64
 150 0079 03       		.byte	3
 151 007a 46       		.byte	70
 152 007b 04       		.byte	4
 153 007c 49       		.byte	73
 154 007d FF       		.byte	-1
 155 007e 4A       		.byte	74
 156 007f 07       		.byte	7
 157 0080 4B       		.byte	75
 158 0081 FF       		.byte	-1
 159 0082 4C       		.byte	76
 160 0083 40       		.byte	64
 161 0084 4D       		.byte	77
 162 0085 20       		.byte	32
 163 0086 4E       		.byte	78
 164 0087 F0       		.byte	-16
 165 0088 4F       		.byte	79
 166 0089 05       		.byte	5
 167 008a 50       		.byte	80
 168 008b 08       		.byte	8
 169 008c 58       		.byte	88
 170 008d 04       		.byte	4
 171 008e 59       		.byte	89
ARM GAS  C:\Users\Simone\AppData\Local\Temp\ccZJHrY5.s 			page 4


 172 008f 04       		.byte	4
 173 0090 5A       		.byte	90
 174 0091 04       		.byte	4
 175 0092 5F       		.byte	95
 176 0093 01       		.byte	1
 177 0094 60       		.byte	96
 178 0095 40       		.byte	64
 179 0096 61       		.byte	97
 180 0097 A8       		.byte	-88
 181 0098 62       		.byte	98
 182 0099 40       		.byte	64
 183 009a 63       		.byte	99
 184 009b 20       		.byte	32
 185 009c 87       		.byte	-121
 186 009d 02       		.byte	2
 187 009e 88       		.byte	-120
 188 009f 02       		.byte	2
 189 00a0 89       		.byte	-119
 190 00a1 01       		.byte	1
 191 00a2 8A       		.byte	-118
 192 00a3 01       		.byte	1
 193 00a4 8F       		.byte	-113
 194 00a5 10       		.byte	16
 195 00a6 90       		.byte	-112
 196 00a7 43       		.byte	67
 197 00a8 91       		.byte	-111
 198 00a9 10       		.byte	16
 199 00aa 92       		.byte	-110
 200 00ab 30       		.byte	48
 201 00ac 93       		.byte	-109
 202 00ad 0E       		.byte	14
 203 00ae 95       		.byte	-107
 204 00af 06       		.byte	6
 205 00b0 97       		.byte	-105
 206 00b1 18       		.byte	24
 207 00b2 98       		.byte	-104
 208 00b3 01       		.byte	1
 209 00b4 9A       		.byte	-102
 210 00b5 0E       		.byte	14
 211 00b6 9C       		.byte	-100
 212 00b7 71       		.byte	113
 213 00b8 9E       		.byte	-98
 214 00b9 08       		.byte	8
 215 00ba A0       		.byte	-96
 216 00bb 40       		.byte	64
 217 00bc A2       		.byte	-94
 218 00bd 03       		.byte	3
 219 00be A4       		.byte	-92
 220 00bf 50       		.byte	80
 221 00c0 A7       		.byte	-89
 222 00c1 0E       		.byte	14
 223 00c2 A8       		.byte	-88
 224 00c3 30       		.byte	48
 225 00c4 AA       		.byte	-86
 226 00c5 47       		.byte	71
 227 00c6 AC       		.byte	-84
 228 00c7 24       		.byte	36
ARM GAS  C:\Users\Simone\AppData\Local\Temp\ccZJHrY5.s 			page 5


 229 00c8 AD       		.byte	-83
 230 00c9 06       		.byte	6
 231 00ca AE       		.byte	-82
 232 00cb 41       		.byte	65
 233 00cc AF       		.byte	-81
 234 00cd 18       		.byte	24
 235 00ce B1       		.byte	-79
 236 00cf 1C       		.byte	28
 237 00d0 B3       		.byte	-77
 238 00d1 01       		.byte	1
 239 00d2 B4       		.byte	-76
 240 00d3 7F       		.byte	127
 241 00d4 B7       		.byte	-73
 242 00d5 02       		.byte	2
 243 00d6 BA       		.byte	-70
 244 00d7 02       		.byte	2
 245 00d8 BB       		.byte	-69
 246 00d9 02       		.byte	2
 247 00da BF       		.byte	-65
 248 00db 44       		.byte	68
 249 00dc C0       		.byte	-64
 250 00dd 46       		.byte	70
 251 00de C1       		.byte	-63
 252 00df 03       		.byte	3
 253 00e0 C5       		.byte	-59
 254 00e1 0B       		.byte	11
 255 00e2 C6       		.byte	-58
 256 00e3 E0       		.byte	-32
 257 00e4 C7       		.byte	-57
 258 00e5 0C       		.byte	12
 259 00e6 C8       		.byte	-56
 260 00e7 19       		.byte	25
 261 00e8 C9       		.byte	-55
 262 00e9 FF       		.byte	-1
 263 00ea CA       		.byte	-54
 264 00eb FF       		.byte	-1
 265 00ec CB       		.byte	-53
 266 00ed FF       		.byte	-1
 267 00ee CE       		.byte	-50
 268 00ef F0       		.byte	-16
 269 00f0 CF       		.byte	-49
 270 00f1 44       		.byte	68
 271 00f2 D0       		.byte	-48
 272 00f3 0C       		.byte	12
 273 00f4 D4       		.byte	-44
 274 00f5 01       		.byte	1
 275 00f6 D8       		.byte	-40
 276 00f7 04       		.byte	4
 277 00f8 D9       		.byte	-39
 278 00f9 04       		.byte	4
 279 00fa DA       		.byte	-38
 280 00fb 04       		.byte	4
 281 00fc DB       		.byte	-37
 282 00fd 04       		.byte	4
 283 00fe DF       		.byte	-33
 284 00ff 01       		.byte	1
 285 0100 E6       		.byte	-26
ARM GAS  C:\Users\Simone\AppData\Local\Temp\ccZJHrY5.s 			page 6


 286 0101 C0       		.byte	-64
 287 0102 EA       		.byte	-22
 288 0103 40       		.byte	64
 289 0104 EB       		.byte	-21
 290 0105 02       		.byte	2
 291 0106 00       		.byte	0
 292 0107 20       		.byte	32
 293 0108 04       		.byte	4
 294 0109 08       		.byte	8
 295 010a 07       		.byte	7
 296 010b 20       		.byte	32
 297 010c 0A       		.byte	10
 298 010d 46       		.byte	70
 299 010e 0C       		.byte	12
 300 010f 09       		.byte	9
 301 0110 0E       		.byte	14
 302 0111 40       		.byte	64
 303 0112 0F       		.byte	15
 304 0113 20       		.byte	32
 305 0114 10       		.byte	16
 306 0115 A0       		.byte	-96
 307 0116 11       		.byte	17
 308 0117 A0       		.byte	-96
 309 0118 15       		.byte	21
 310 0119 03       		.byte	3
 311 011a 17       		.byte	23
 312 011b 04       		.byte	4
 313 011c 19       		.byte	25
 314 011d 20       		.byte	32
 315 011e 1A       		.byte	26
 316 011f 04       		.byte	4
 317 0120 1B       		.byte	27
 318 0121 02       		.byte	2
 319 0122 1D       		.byte	29
 320 0123 08       		.byte	8
 321 0124 21       		.byte	33
 322 0125 01       		.byte	1
 323 0126 22       		.byte	34
 324 0127 45       		.byte	69
 325 0128 25       		.byte	37
 326 0129 10       		.byte	16
 327 012a 26       		.byte	38
 328 012b 04       		.byte	4
 329 012c 27       		.byte	39
 330 012d 04       		.byte	4
 331 012e 28       		.byte	40
 332 012f 01       		.byte	1
 333 0130 2A       		.byte	42
 334 0131 08       		.byte	8
 335 0132 2B       		.byte	43
 336 0133 10       		.byte	16
 337 0134 2F       		.byte	47
 338 0135 2A       		.byte	42
 339 0136 32       		.byte	50
 340 0137 01       		.byte	1
 341 0138 33       		.byte	51
 342 0139 04       		.byte	4
ARM GAS  C:\Users\Simone\AppData\Local\Temp\ccZJHrY5.s 			page 7


 343 013a 34       		.byte	52
 344 013b 01       		.byte	1
 345 013c 36       		.byte	54
 346 013d 08       		.byte	8
 347 013e 38       		.byte	56
 348 013f 08       		.byte	8
 349 0140 39       		.byte	57
 350 0141 40       		.byte	64
 351 0142 3B       		.byte	59
 352 0143 20       		.byte	32
 353 0144 3D       		.byte	61
 354 0145 E1       		.byte	-31
 355 0146 3E       		.byte	62
 356 0147 08       		.byte	8
 357 0148 42       		.byte	66
 358 0149 40       		.byte	64
 359 014a 43       		.byte	67
 360 014b 04       		.byte	4
 361 014c 45       		.byte	69
 362 014d 08       		.byte	8
 363 014e 48       		.byte	72
 364 014f 28       		.byte	40
 365 0150 50       		.byte	80
 366 0151 04       		.byte	4
 367 0152 53       		.byte	83
 368 0153 10       		.byte	16
 369 0154 54       		.byte	84
 370 0155 80       		.byte	-128
 371 0156 56       		.byte	86
 372 0157 80       		.byte	-128
 373 0158 57       		.byte	87
 374 0159 10       		.byte	16
 375 015a 5A       		.byte	90
 376 015b 88       		.byte	-120
 377 015c 5B       		.byte	91
 378 015d 22       		.byte	34
 379 015e C0       		.byte	-64
 380 015f 02       		.byte	2
 381 0160 C2       		.byte	-62
 382 0161 3B       		.byte	59
 383 0162 C4       		.byte	-60
 384 0163 3F       		.byte	63
 385 0164 CA       		.byte	-54
 386 0165 7A       		.byte	122
 387 0166 CC       		.byte	-52
 388 0167 C3       		.byte	-61
 389 0168 CE       		.byte	-50
 390 0169 FE       		.byte	-2
 391 016a D0       		.byte	-48
 392 016b 43       		.byte	67
 393 016c D2       		.byte	-46
 394 016d 04       		.byte	4
 395 016e D6       		.byte	-42
 396 016f 0F       		.byte	15
 397 0170 E0       		.byte	-32
 398 0171 08       		.byte	8
 399 0172 E4       		.byte	-28
ARM GAS  C:\Users\Simone\AppData\Local\Temp\ccZJHrY5.s 			page 8


 400 0173 01       		.byte	1
 401 0174 EA       		.byte	-22
 402 0175 05       		.byte	5
 403 0176 E2       		.byte	-30
 404 0177 04       		.byte	4
 405 0178 02       		.byte	2
 406 0179 08       		.byte	8
 407 017a 04       		.byte	4
 408 017b 03       		.byte	3
 409 017c 06       		.byte	6
 410 017d 04       		.byte	4
 411 017e 09       		.byte	9
 412 017f 02       		.byte	2
 413 0180 10       		.byte	16
 414 0181 03       		.byte	3
 415 0182 12       		.byte	18
 416 0183 14       		.byte	20
 417 0184 13       		.byte	19
 418 0185 01       		.byte	1
 419 0186 15       		.byte	21
 420 0187 01       		.byte	1
 421 0188 16       		.byte	22
 422 0189 05       		.byte	5
 423 018a 1E       		.byte	30
 424 018b 18       		.byte	24
 425 018c 20       		.byte	32
 426 018d 1A       		.byte	26
 427 018e 22       		.byte	34
 428 018f 04       		.byte	4
 429 0190 24       		.byte	36
 430 0191 03       		.byte	3
 431 0192 26       		.byte	38
 432 0193 0C       		.byte	12
 433 0194 2D       		.byte	45
 434 0195 01       		.byte	1
 435 0196 30       		.byte	48
 436 0197 1F       		.byte	31
 437 0198 37       		.byte	55
 438 0199 03       		.byte	3
 439 019a 39       		.byte	57
 440 019b 80       		.byte	-128
 441 019c 3A       		.byte	58
 442 019d 02       		.byte	2
 443 019e 56       		.byte	86
 444 019f 02       		.byte	2
 445 01a0 57       		.byte	87
 446 01a1 12       		.byte	18
 447 01a2 58       		.byte	88
 448 01a3 04       		.byte	4
 449 01a4 59       		.byte	89
 450 01a5 04       		.byte	4
 451 01a6 5B       		.byte	91
 452 01a7 04       		.byte	4
 453 01a8 5F       		.byte	95
 454 01a9 01       		.byte	1
 455 01aa 83       		.byte	-125
 456 01ab 08       		.byte	8
ARM GAS  C:\Users\Simone\AppData\Local\Temp\ccZJHrY5.s 			page 9


 457 01ac 84       		.byte	-124
 458 01ad 0A       		.byte	10
 459 01ae 85       		.byte	-123
 460 01af 04       		.byte	4
 461 01b0 86       		.byte	-122
 462 01b1 11       		.byte	17
 463 01b2 89       		.byte	-119
 464 01b3 01       		.byte	1
 465 01b4 8D       		.byte	-115
 466 01b5 06       		.byte	6
 467 01b6 8E       		.byte	-114
 468 01b7 20       		.byte	32
 469 01b8 90       		.byte	-112
 470 01b9 14       		.byte	20
 471 01ba 92       		.byte	-110
 472 01bb 09       		.byte	9
 473 01bc 93       		.byte	-109
 474 01bd 01       		.byte	1
 475 01be 95       		.byte	-107
 476 01bf 04       		.byte	4
 477 01c0 96       		.byte	-106
 478 01c1 20       		.byte	32
 479 01c2 97       		.byte	-105
 480 01c3 02       		.byte	2
 481 01c4 98       		.byte	-104
 482 01c5 01       		.byte	1
 483 01c6 99       		.byte	-103
 484 01c7 01       		.byte	1
 485 01c8 9A       		.byte	-102
 486 01c9 06       		.byte	6
 487 01ca 9F       		.byte	-97
 488 01cb 06       		.byte	6
 489 01cc A1       		.byte	-95
 490 01cd 02       		.byte	2
 491 01ce A3       		.byte	-93
 492 01cf 04       		.byte	4
 493 01d0 A4       		.byte	-92
 494 01d1 1F       		.byte	31
 495 01d2 A7       		.byte	-89
 496 01d3 01       		.byte	1
 497 01d4 A8       		.byte	-88
 498 01d5 1F       		.byte	31
 499 01d6 A9       		.byte	-87
 500 01d7 02       		.byte	2
 501 01d8 AF       		.byte	-81
 502 01d9 08       		.byte	8
 503 01da B0       		.byte	-80
 504 01db 18       		.byte	24
 505 01dc B3       		.byte	-77
 506 01dd 06       		.byte	6
 507 01de B4       		.byte	-76
 508 01df 07       		.byte	7
 509 01e0 B5       		.byte	-75
 510 01e1 08       		.byte	8
 511 01e2 B6       		.byte	-74
 512 01e3 20       		.byte	32
 513 01e4 B7       		.byte	-73
ARM GAS  C:\Users\Simone\AppData\Local\Temp\ccZJHrY5.s 			page 10


 514 01e5 01       		.byte	1
 515 01e6 B9       		.byte	-71
 516 01e7 80       		.byte	-128
 517 01e8 BB       		.byte	-69
 518 01e9 08       		.byte	8
 519 01ea BE       		.byte	-66
 520 01eb 40       		.byte	64
 521 01ec BF       		.byte	-65
 522 01ed 10       		.byte	16
 523 01ee D4       		.byte	-44
 524 01ef 1C       		.byte	28
 525 01f0 D8       		.byte	-40
 526 01f1 04       		.byte	4
 527 01f2 D9       		.byte	-39
 528 01f3 04       		.byte	4
 529 01f4 DB       		.byte	-37
 530 01f5 04       		.byte	4
 531 01f6 DF       		.byte	-33
 532 01f7 01       		.byte	1
 533 01f8 00       		.byte	0
 534 01f9 80       		.byte	-128
 535 01fa 01       		.byte	1
 536 01fb 08       		.byte	8
 537 01fc 04       		.byte	4
 538 01fd 08       		.byte	8
 539 01fe 06       		.byte	6
 540 01ff 80       		.byte	-128
 541 0200 0A       		.byte	10
 542 0201 A8       		.byte	-88
 543 0202 0D       		.byte	13
 544 0203 80       		.byte	-128
 545 0204 0E       		.byte	14
 546 0205 40       		.byte	64
 547 0206 0F       		.byte	15
 548 0207 A0       		.byte	-96
 549 0208 10       		.byte	16
 550 0209 28       		.byte	40
 551 020a 15       		.byte	21
 552 020b 02       		.byte	2
 553 020c 16       		.byte	22
 554 020d 40       		.byte	64
 555 020e 17       		.byte	23
 556 020f 06       		.byte	6
 557 0210 18       		.byte	24
 558 0211 80       		.byte	-128
 559 0212 19       		.byte	25
 560 0213 50       		.byte	80
 561 0214 1A       		.byte	26
 562 0215 88       		.byte	-120
 563 0216 1E       		.byte	30
 564 0217 40       		.byte	64
 565 0218 20       		.byte	32
 566 0219 20       		.byte	32
 567 021a 21       		.byte	33
 568 021b 04       		.byte	4
 569 021c 23       		.byte	35
 570 021d 05       		.byte	5
ARM GAS  C:\Users\Simone\AppData\Local\Temp\ccZJHrY5.s 			page 11


 571 021e 25       		.byte	37
 572 021f C0       		.byte	-64
 573 0220 28       		.byte	40
 574 0221 20       		.byte	32
 575 0222 29       		.byte	41
 576 0223 20       		.byte	32
 577 0224 2B       		.byte	43
 578 0225 42       		.byte	66
 579 0226 2E       		.byte	46
 580 0227 40       		.byte	64
 581 0228 31       		.byte	49
 582 0229 80       		.byte	-128
 583 022a 32       		.byte	50
 584 022b 01       		.byte	1
 585 022c 33       		.byte	51
 586 022d 24       		.byte	36
 587 022e 37       		.byte	55
 588 022f 06       		.byte	6
 589 0230 39       		.byte	57
 590 0231 08       		.byte	8
 591 0232 3A       		.byte	58
 592 0233 40       		.byte	64
 593 0234 3B       		.byte	59
 594 0235 11       		.byte	17
 595 0236 3F       		.byte	63
 596 0237 20       		.byte	32
 597 0238 59       		.byte	89
 598 0239 06       		.byte	6
 599 023a 5E       		.byte	94
 600 023b 08       		.byte	8
 601 023c 60       		.byte	96
 602 023d 20       		.byte	32
 603 023e 61       		.byte	97
 604 023f 40       		.byte	64
 605 0240 62       		.byte	98
 606 0241 08       		.byte	8
 607 0242 63       		.byte	99
 608 0243 04       		.byte	4
 609 0244 6C       		.byte	108
 610 0245 28       		.byte	40
 611 0246 6E       		.byte	110
 612 0247 14       		.byte	20
 613 0248 6F       		.byte	111
 614 0249 01       		.byte	1
 615 024a 76       		.byte	118
 616 024b 05       		.byte	5
 617 024c 77       		.byte	119
 618 024d 20       		.byte	32
 619 024e 8A       		.byte	-118
 620 024f 01       		.byte	1
 621 0250 8B       		.byte	-117
 622 0251 08       		.byte	8
 623 0252 90       		.byte	-112
 624 0253 08       		.byte	8
 625 0254 91       		.byte	-111
 626 0255 02       		.byte	2
 627 0256 93       		.byte	-109
ARM GAS  C:\Users\Simone\AppData\Local\Temp\ccZJHrY5.s 			page 12


 628 0257 10       		.byte	16
 629 0258 96       		.byte	-106
 630 0259 40       		.byte	64
 631 025a 99       		.byte	-103
 632 025b 20       		.byte	32
 633 025c 9A       		.byte	-102
 634 025d 80       		.byte	-128
 635 025e 9B       		.byte	-101
 636 025f 04       		.byte	4
 637 0260 A2       		.byte	-94
 638 0261 04       		.byte	4
 639 0262 A3       		.byte	-93
 640 0263 10       		.byte	16
 641 0264 A4       		.byte	-92
 642 0265 10       		.byte	16
 643 0266 A5       		.byte	-91
 644 0267 40       		.byte	64
 645 0268 A6       		.byte	-90
 646 0269 08       		.byte	8
 647 026a A7       		.byte	-89
 648 026b 28       		.byte	40
 649 026c AF       		.byte	-81
 650 026d 12       		.byte	18
 651 026e B3       		.byte	-77
 652 026f 12       		.byte	18
 653 0270 C0       		.byte	-64
 654 0271 35       		.byte	53
 655 0272 C2       		.byte	-62
 656 0273 BE       		.byte	-66
 657 0274 C4       		.byte	-60
 658 0275 36       		.byte	54
 659 0276 CA       		.byte	-54
 660 0277 1F       		.byte	31
 661 0278 CC       		.byte	-52
 662 0279 CF       		.byte	-49
 663 027a CE       		.byte	-50
 664 027b 2F       		.byte	47
 665 027c D6       		.byte	-42
 666 027d 43       		.byte	67
 667 027e D8       		.byte	-40
 668 027f 0C       		.byte	12
 669 0280 E2       		.byte	-30
 670 0281 04       		.byte	4
 671 0282 82       		.byte	-126
 672 0283 09       		.byte	9
 673 0284 84       		.byte	-124
 674 0285 06       		.byte	6
 675 0286 85       		.byte	-123
 676 0287 02       		.byte	2
 677 0288 88       		.byte	-120
 678 0289 02       		.byte	2
 679 028a 89       		.byte	-119
 680 028b 02       		.byte	2
 681 028c 8C       		.byte	-116
 682 028d 04       		.byte	4
 683 028e 91       		.byte	-111
 684 028f 02       		.byte	2
ARM GAS  C:\Users\Simone\AppData\Local\Temp\ccZJHrY5.s 			page 13


 685 0290 94       		.byte	-108
 686 0291 07       		.byte	7
 687 0292 96       		.byte	-106
 688 0293 08       		.byte	8
 689 0294 98       		.byte	-104
 690 0295 09       		.byte	9
 691 0296 99       		.byte	-103
 692 0297 01       		.byte	1
 693 0298 9A       		.byte	-102
 694 0299 06       		.byte	6
 695 029a 9C       		.byte	-100
 696 029b 01       		.byte	1
 697 029c A4       		.byte	-92
 698 029d 06       		.byte	6
 699 029e A6       		.byte	-90
 700 029f 09       		.byte	9
 701 02a0 A8       		.byte	-88
 702 02a1 0F       		.byte	15
 703 02a2 B2       		.byte	-78
 704 02a3 0E       		.byte	14
 705 02a4 B3       		.byte	-77
 706 02a5 01       		.byte	1
 707 02a6 B4       		.byte	-76
 708 02a7 07       		.byte	7
 709 02a8 B7       		.byte	-73
 710 02a9 02       		.byte	2
 711 02aa BA       		.byte	-70
 712 02ab 28       		.byte	40
 713 02ac BF       		.byte	-65
 714 02ad 04       		.byte	4
 715 02ae D8       		.byte	-40
 716 02af 04       		.byte	4
 717 02b0 D9       		.byte	-39
 718 02b1 04       		.byte	4
 719 02b2 DF       		.byte	-33
 720 02b3 01       		.byte	1
 721 02b4 01       		.byte	1
 722 02b5 80       		.byte	-128
 723 02b6 03       		.byte	3
 724 02b7 28       		.byte	40
 725 02b8 06       		.byte	6
 726 02b9 05       		.byte	5
 727 02ba 07       		.byte	7
 728 02bb 60       		.byte	96
 729 02bc 09       		.byte	9
 730 02bd 80       		.byte	-128
 731 02be 0A       		.byte	10
 732 02bf 08       		.byte	8
 733 02c0 0E       		.byte	14
 734 02c1 28       		.byte	40
 735 02c2 0F       		.byte	15
 736 02c3 01       		.byte	1
 737 02c4 12       		.byte	18
 738 02c5 18       		.byte	24
 739 02c6 13       		.byte	19
 740 02c7 01       		.byte	1
 741 02c8 15       		.byte	21
ARM GAS  C:\Users\Simone\AppData\Local\Temp\ccZJHrY5.s 			page 14


 742 02c9 18       		.byte	24
 743 02ca 19       		.byte	25
 744 02cb 86       		.byte	-122
 745 02cc 1A       		.byte	26
 746 02cd 08       		.byte	8
 747 02ce 1E       		.byte	30
 748 02cf 28       		.byte	40
 749 02d0 1F       		.byte	31
 750 02d1 28       		.byte	40
 751 02d2 20       		.byte	32
 752 02d3 02       		.byte	2
 753 02d4 21       		.byte	33
 754 02d5 04       		.byte	4
 755 02d6 22       		.byte	34
 756 02d7 19       		.byte	25
 757 02d8 23       		.byte	35
 758 02d9 01       		.byte	1
 759 02da 24       		.byte	36
 760 02db 20       		.byte	32
 761 02dc 25       		.byte	37
 762 02dd 80       		.byte	-128
 763 02de 29       		.byte	41
 764 02df 10       		.byte	16
 765 02e0 31       		.byte	49
 766 02e1 80       		.byte	-128
 767 02e2 32       		.byte	50
 768 02e3 01       		.byte	1
 769 02e4 33       		.byte	51
 770 02e5 28       		.byte	40
 771 02e6 35       		.byte	53
 772 02e7 20       		.byte	32
 773 02e8 37       		.byte	55
 774 02e9 01       		.byte	1
 775 02ea 38       		.byte	56
 776 02eb 82       		.byte	-126
 777 02ec 39       		.byte	57
 778 02ed 18       		.byte	24
 779 02ee 3A       		.byte	58
 780 02ef 10       		.byte	16
 781 02f0 3B       		.byte	59
 782 02f1 10       		.byte	16
 783 02f2 3E       		.byte	62
 784 02f3 14       		.byte	20
 785 02f4 40       		.byte	64
 786 02f5 20       		.byte	32
 787 02f6 41       		.byte	65
 788 02f7 80       		.byte	-128
 789 02f8 43       		.byte	67
 790 02f9 60       		.byte	96
 791 02fa 48       		.byte	72
 792 02fb 41       		.byte	65
 793 02fc 4B       		.byte	75
 794 02fd 10       		.byte	16
 795 02fe 53       		.byte	83
 796 02ff 02       		.byte	2
 797 0300 58       		.byte	88
 798 0301 20       		.byte	32
ARM GAS  C:\Users\Simone\AppData\Local\Temp\ccZJHrY5.s 			page 15


 799 0302 5A       		.byte	90
 800 0303 20       		.byte	32
 801 0304 8C       		.byte	-116
 802 0305 11       		.byte	17
 803 0306 8D       		.byte	-115
 804 0307 08       		.byte	8
 805 0308 90       		.byte	-112
 806 0309 80       		.byte	-128
 807 030a 92       		.byte	-110
 808 030b 14       		.byte	20
 809 030c 93       		.byte	-109
 810 030d 10       		.byte	16
 811 030e 96       		.byte	-106
 812 030f 20       		.byte	32
 813 0310 99       		.byte	-103
 814 0311 30       		.byte	48
 815 0312 9A       		.byte	-102
 816 0313 05       		.byte	5
 817 0314 9B       		.byte	-101
 818 0315 21       		.byte	33
 819 0316 9D       		.byte	-99
 820 0317 0E       		.byte	14
 821 0318 A4       		.byte	-92
 822 0319 40       		.byte	64
 823 031a A6       		.byte	-90
 824 031b 08       		.byte	8
 825 031c A7       		.byte	-89
 826 031d 2A       		.byte	42
 827 031e C0       		.byte	-64
 828 031f F7       		.byte	-9
 829 0320 C2       		.byte	-62
 830 0321 E3       		.byte	-29
 831 0322 C4       		.byte	-60
 832 0323 6E       		.byte	110
 833 0324 CA       		.byte	-54
 834 0325 04       		.byte	4
 835 0326 CC       		.byte	-52
 836 0327 AF       		.byte	-81
 837 0328 CE       		.byte	-50
 838 0329 6F       		.byte	111
 839 032a D0       		.byte	-48
 840 032b 0E       		.byte	14
 841 032c D2       		.byte	-46
 842 032d 0C       		.byte	12
 843 032e E0       		.byte	-32
 844 032f 08       		.byte	8
 845 0330 E4       		.byte	-28
 846 0331 01       		.byte	1
 847 0332 EA       		.byte	-22
 848 0333 05       		.byte	5
 849 0334 3E       		.byte	62
 850 0335 10       		.byte	16
 851 0336 CE       		.byte	-50
 852 0337 20       		.byte	32
 853 0338 96       		.byte	-106
 854 0339 10       		.byte	16
 855 033a 82       		.byte	-126
ARM GAS  C:\Users\Simone\AppData\Local\Temp\ccZJHrY5.s 			page 16


 856 033b 20       		.byte	32
 857 033c 96       		.byte	-106
 858 033d 10       		.byte	16
 859 033e E2       		.byte	-30
 860 033f 20       		.byte	32
 861 0340 12       		.byte	18
 862 0341 20       		.byte	32
 863 0342 16       		.byte	22
 864 0343 40       		.byte	64
 865 0344 72       		.byte	114
 866 0345 20       		.byte	32
 867 0346 77       		.byte	119
 868 0347 10       		.byte	16
 869 0348 82       		.byte	-126
 870 0349 20       		.byte	32
 871 034a 86       		.byte	-122
 872 034b 40       		.byte	64
 873 034c 9A       		.byte	-102
 874 034d 20       		.byte	32
 875 034e 9B       		.byte	-101
 876 034f 10       		.byte	16
 877 0350 AA       		.byte	-86
 878 0351 10       		.byte	16
 879 0352 AB       		.byte	-85
 880 0353 10       		.byte	16
 881 0354 C4       		.byte	-60
 882 0355 30       		.byte	48
 883 0356 DC       		.byte	-36
 884 0357 80       		.byte	-128
 885 0358 DE       		.byte	-34
 886 0359 20       		.byte	32
 887 035a E0       		.byte	-32
 888 035b 10       		.byte	16
 889 035c E4       		.byte	-28
 890 035d 80       		.byte	-128
 891 035e EA       		.byte	-22
 892 035f A0       		.byte	-96
 893 0360 10       		.byte	16
 894 0361 80       		.byte	-128
 895 0362 13       		.byte	19
 896 0363 20       		.byte	32
 897 0364 17       		.byte	23
 898 0365 08       		.byte	8
 899 0366 7B       		.byte	123
 900 0367 10       		.byte	16
 901 0368 7F       		.byte	127
 902 0369 40       		.byte	64
 903 036a 80       		.byte	-128
 904 036b 80       		.byte	-128
 905 036c C4       		.byte	-60
 906 036d 0E       		.byte	14
 907 036e DE       		.byte	-34
 908 036f 03       		.byte	3
 909 0370 12       		.byte	18
 910 0371 80       		.byte	-128
 911 0372 77       		.byte	119
 912 0373 10       		.byte	16
ARM GAS  C:\Users\Simone\AppData\Local\Temp\ccZJHrY5.s 			page 17


 913 0374 83       		.byte	-125
 914 0375 10       		.byte	16
 915 0376 87       		.byte	-121
 916 0377 40       		.byte	64
 917 0378 8E       		.byte	-114
 918 0379 80       		.byte	-128
 919 037a 8F       		.byte	-113
 920 037b 10       		.byte	16
 921 037c 97       		.byte	-105
 922 037d 80       		.byte	-128
 923 037e A7       		.byte	-89
 924 037f 10       		.byte	16
 925 0380 AB       		.byte	-85
 926 0381 28       		.byte	40
 927 0382 C4       		.byte	-60
 928 0383 08       		.byte	8
 929 0384 DE       		.byte	-34
 930 0385 04       		.byte	4
 931 0386 E2       		.byte	-30
 932 0387 02       		.byte	2
 933 0388 E4       		.byte	-28
 934 0389 02       		.byte	2
 935 038a 00       		.byte	0
 936 038b 01       		.byte	1
 937 038c 0C       		.byte	12
 938 038d 01       		.byte	1
 939 038e 10       		.byte	16
 940 038f 01       		.byte	1
 941 0390 1C       		.byte	28
 942 0391 01       		.byte	1
 943 0392 03       		.byte	3
 944 0393 C0       		.byte	-64
 945 0394 82       		.byte	-126
 946 0395 80       		.byte	-128
 947 0396 00       		.byte	0
 948 0397 00       		.byte	0
 949 0398 43       		.byte	67
 950 0399 00       		.byte	0
 951 039a 00       		.byte	0
 952 039b 00       		.byte	0
 953 039c 00       		.byte	0
 954 039d 10       		.byte	16
 955 039e 00       		.byte	0
 956 039f 41       		.byte	65
 957 03a0 3F       		.byte	63
 958 03a1 12       		.byte	18
 959 03a2 40       		.byte	64
 960 03a3 08       		.byte	8
 961 03a4 62       		.byte	98
 962 03a5 1E       		.byte	30
 963 03a6 1D       		.byte	29
 964 03a7 00       		.byte	0
 965 03a8 28       		.byte	40
 966 03a9 00       		.byte	0
 967 03aa 04       		.byte	4
 968 03ab 40       		.byte	64
 969 03ac 00       		.byte	0
ARM GAS  C:\Users\Simone\AppData\Local\Temp\ccZJHrY5.s 			page 18


 970 03ad 00       		.byte	0
 971 03ae 00       		.byte	0
 972 03af 10       		.byte	16
 973 03b0 00       		.byte	0
 974 03b1 10       		.byte	16
 975 03b2 00       		.byte	0
 976 03b3 06       		.byte	6
 977 03b4 0C       		.byte	12
 978 03b5 1E       		.byte	30
 979 03b6 12       		.byte	18
 980 03b7 00       		.byte	0
 981 03b8 00       		.byte	0
 982 03b9 00       		.byte	0
 983 03ba 7F       		.byte	127
 984 03bb 0E       		.byte	14
 985 03bc 27       		.byte	39
 986 03bd 00       		.byte	0
 987 03be 48       		.byte	72
 988 03bf 00       		.byte	0
 989 03c0 7F       		.byte	127
 990 03c1 00       		.byte	0
 991 03c2 00       		.byte	0
 992 03c3 00       		.byte	0
 993 03c4 4C       		.byte	76
 994 03c5 00       		.byte	0
 995 03c6 33       		.byte	51
 996 03c7 20       		.byte	32
 997 03c8 00       		.byte	0
 998 03c9 00       		.byte	0
 999 03ca 00       		.byte	0
 1000 03cb 00       		.byte	0
 1001 03cc 01       		.byte	1
 1002 03cd 01       		.byte	1
 1003 03ce 10       		.byte	16
 1004 03cf 1C       		.byte	28
 1005 03d0 0E       		.byte	14
 1006 03d1 02       		.byte	2
 1007 03d2 60       		.byte	96
 1008 03d3 60       		.byte	96
 1009 03d4 00       		.byte	0
 1010 03d5 00       		.byte	0
 1011 03d6 A0       		.byte	-96
 1012 03d7 08       		.byte	8
 1013 03d8 00       		.byte	0
 1014 03d9 00       		.byte	0
 1015 03da 00       		.byte	0
 1016 03db 40       		.byte	64
 1017 03dc 21       		.byte	33
 1018 03dd 06       		.byte	6
 1019 03de 03       		.byte	3
 1020 03df 00       		.byte	0
 1021 03e0 05       		.byte	5
 1022 03e1 C0       		.byte	-64
 1023 03e2 00       		.byte	0
 1024 03e3 E0       		.byte	-32
 1025 03e4 22       		.byte	34
 1026 03e5 FF       		.byte	-1
ARM GAS  C:\Users\Simone\AppData\Local\Temp\ccZJHrY5.s 			page 19


 1027 03e6 FF       		.byte	-1
 1028 03e7 FF       		.byte	-1
 1029 03e8 62       		.byte	98
 1030 03e9 A0       		.byte	-96
 1031 03ea F0       		.byte	-16
 1032 03eb 41       		.byte	65
 1033 03ec 0C       		.byte	12
 1034 03ed 00       		.byte	0
 1035 03ee 00       		.byte	0
 1036 03ef 00       		.byte	0
 1037 03f0 00       		.byte	0
 1038 03f1 00       		.byte	0
 1039 03f2 00       		.byte	0
 1040 03f3 00       		.byte	0
 1041 03f4 04       		.byte	4
 1042 03f5 04       		.byte	4
 1043 03f6 04       		.byte	4
 1044 03f7 00       		.byte	0
 1045 03f8 00       		.byte	0
 1046 03f9 00       		.byte	0
 1047 03fa 00       		.byte	0
 1048 03fb 01       		.byte	1
 1049 03fc 00       		.byte	0
 1050 03fd 00       		.byte	0
 1051 03fe 00       		.byte	0
 1052 03ff 00       		.byte	0
 1053 0400 00       		.byte	0
 1054 0401 00       		.byte	0
 1055 0402 40       		.byte	64
 1056 0403 02       		.byte	2
 1057 0404 00       		.byte	0
 1058 0405 10       		.byte	16
 1059 0406 30       		.byte	48
 1060 0407 10       		.byte	16
 1061 0408 00       		.byte	0
 1062 0409 10       		.byte	16
 1063 040a 10       		.byte	16
 1064 040b 12       		.byte	18
 1065 040c 00       		.byte	0
 1066 040d 00       		.byte	0
 1067 040e 00       		.byte	0
 1068 040f 00       		.byte	0
 1069 0410 00       		.byte	0
 1070 0411 00       		.byte	0
 1071 0412 00       		.byte	0
 1072 0413 00       		.byte	0
 1073 0414 00       		.byte	0
 1074 0415 00       		.byte	0
 1075 0416 00       		.byte	0
 1076 0417 00       		.byte	0
 1077 0418 00       		.byte	0
 1078 0419 00       		.byte	0
 1079 041a 00       		.byte	0
 1080 041b 00       		.byte	0
 1081 041c 83       		.byte	-125
 1082 041d 00       		.byte	0
 1083 041e 40       		.byte	64
ARM GAS  C:\Users\Simone\AppData\Local\Temp\ccZJHrY5.s 			page 20


 1084 041f 80       		.byte	-128
 1085 0420 83       		.byte	-125
 1086 0421 00       		.byte	0
 1087 0422 83       		.byte	-125
 1088 0423 00       		.byte	0
 1089 0424 00       		.byte	0
 1090 0425 00       		.byte	0
 1091 0426 00       		.byte	0
 1092 0427 00       		.byte	0
 1093 0428 00       		.byte	0
 1094 0429 0B       		.byte	11
 1095 042a 0B       		.byte	11
 1096 042b 00       		.byte	0
 1097 042c 00       		.byte	0
 1098 042d 00       		.byte	0
 1099 042e 00       		.byte	0
 1100 042f 00       		.byte	0
 1101              		.section	.cywolatch,"a",%progbits
 1102              		.align	2
 1103              		.type	cy_meta_wonvl, %object
 1104              		.size	cy_meta_wonvl, 4
 1105              	cy_meta_wonvl:
 1106 0000 BC       		.byte	-68
 1107 0001 90       		.byte	-112
 1108 0002 AC       		.byte	-84
 1109 0003 AF       		.byte	-81
 1110              		.section	.cycustnvl,"a",%progbits
 1111              		.align	2
 1112              		.type	cy_meta_custnvl, %object
 1113              		.size	cy_meta_custnvl, 4
 1114              	cy_meta_custnvl:
 1115 0000 00       		.byte	0
 1116 0001 00       		.byte	0
 1117 0002 40       		.byte	64
 1118 0003 05       		.byte	5
 1119              		.section	.cymeta,"a",%progbits
 1120              		.align	2
 1121              		.type	cy_metadata, %object
 1122              		.size	cy_metadata, 12
 1123              	cy_metadata:
 1124 0000 00       		.byte	0
 1125 0001 01       		.byte	1
 1126 0002 2E       		.byte	46
 1127 0003 16       		.byte	22
 1128 0004 10       		.byte	16
 1129 0005 69       		.byte	105
 1130 0006 00       		.byte	0
 1131 0007 01       		.byte	1
 1132 0008 00       		.byte	0
 1133 0009 00       		.byte	0
 1134 000a 00       		.byte	0
 1135 000b 00       		.byte	0
 1136              		.section	.cyflashprotect,"a",%progbits
 1137              		.align	2
 1138              		.type	cy_meta_flashprotect, %object
 1139              		.size	cy_meta_flashprotect, 256
 1140              	cy_meta_flashprotect:
ARM GAS  C:\Users\Simone\AppData\Local\Temp\ccZJHrY5.s 			page 21


 1141 0000 00000000 		.space	256
 1141      00000000 
 1141      00000000 
 1141      00000000 
 1141      00000000 
 1142              		.text
 1143              	.Letext0:
 1144              		.file 1 "c:\\program files (x86)\\cypress\\psoc creator\\4.3\\psoc creator\\import\\gnu\\arm\\5.4.
 1145              		.file 2 "c:\\program files (x86)\\cypress\\psoc creator\\4.3\\psoc creator\\import\\gnu\\arm\\5.4.
 1146              		.file 3 "Generated_Source\\PSoC5\\cymetadata.c"
 1147              		.section	.debug_info,"",%progbits
 1148              	.Ldebug_info0:
 1149 0000 31010000 		.4byte	0x131
 1150 0004 0400     		.2byte	0x4
 1151 0006 00000000 		.4byte	.Ldebug_abbrev0
 1152 000a 04       		.byte	0x4
 1153 000b 01       		.uleb128 0x1
 1154 000c 61000000 		.4byte	.LASF17
 1155 0010 0C       		.byte	0xc
 1156 0011 BB010000 		.4byte	.LASF18
 1157 0015 0A000000 		.4byte	.LASF19
 1158 0019 00000000 		.4byte	.Ldebug_line0
 1159 001d 02       		.uleb128 0x2
 1160 001e 01       		.byte	0x1
 1161 001f 06       		.byte	0x6
 1162 0020 AF010000 		.4byte	.LASF0
 1163 0024 03       		.uleb128 0x3
 1164 0025 00000000 		.4byte	.LASF9
 1165 0029 01       		.byte	0x1
 1166 002a 1D       		.byte	0x1d
 1167 002b 2F000000 		.4byte	0x2f
 1168 002f 02       		.uleb128 0x2
 1169 0030 01       		.byte	0x1
 1170 0031 08       		.byte	0x8
 1171 0032 53000000 		.4byte	.LASF1
 1172 0036 02       		.uleb128 0x2
 1173 0037 02       		.byte	0x2
 1174 0038 05       		.byte	0x5
 1175 0039 9C010000 		.4byte	.LASF2
 1176 003d 02       		.uleb128 0x2
 1177 003e 02       		.byte	0x2
 1178 003f 07       		.byte	0x7
 1179 0040 01010000 		.4byte	.LASF3
 1180 0044 02       		.uleb128 0x2
 1181 0045 04       		.byte	0x4
 1182 0046 05       		.byte	0x5
 1183 0047 A6010000 		.4byte	.LASF4
 1184 004b 02       		.uleb128 0x2
 1185 004c 04       		.byte	0x4
 1186 004d 07       		.byte	0x7
 1187 004e EF000000 		.4byte	.LASF5
 1188 0052 02       		.uleb128 0x2
 1189 0053 08       		.byte	0x8
 1190 0054 05       		.byte	0x5
 1191 0055 8E010000 		.4byte	.LASF6
 1192 0059 02       		.uleb128 0x2
 1193 005a 08       		.byte	0x8
ARM GAS  C:\Users\Simone\AppData\Local\Temp\ccZJHrY5.s 			page 22


 1194 005b 07       		.byte	0x7
 1195 005c 43010000 		.4byte	.LASF7
 1196 0060 04       		.uleb128 0x4
 1197 0061 04       		.byte	0x4
 1198 0062 05       		.byte	0x5
 1199 0063 696E7400 		.ascii	"int\000"
 1200 0067 02       		.uleb128 0x2
 1201 0068 04       		.byte	0x4
 1202 0069 07       		.byte	0x7
 1203 006a 36010000 		.4byte	.LASF8
 1204 006e 03       		.uleb128 0x3
 1205 006f 5A010000 		.4byte	.LASF10
 1206 0073 02       		.byte	0x2
 1207 0074 18       		.byte	0x18
 1208 0075 24000000 		.4byte	0x24
 1209 0079 05       		.uleb128 0x5
 1210 007a 91000000 		.4byte	0x91
 1211 007e 8A000000 		.4byte	0x8a
 1212 0082 06       		.uleb128 0x6
 1213 0083 8A000000 		.4byte	0x8a
 1214 0087 2F04     		.2byte	0x42f
 1215 0089 00       		.byte	0
 1216 008a 02       		.uleb128 0x2
 1217 008b 04       		.byte	0x4
 1218 008c 07       		.byte	0x7
 1219 008d 85010000 		.4byte	.LASF11
 1220 0091 07       		.uleb128 0x7
 1221 0092 6E000000 		.4byte	0x6e
 1222 0096 08       		.uleb128 0x8
 1223 0097 24010000 		.4byte	.LASF12
 1224 009b 03       		.byte	0x3
 1225 009c 1F       		.byte	0x1f
 1226 009d A7000000 		.4byte	0xa7
 1227 00a1 05       		.uleb128 0x5
 1228 00a2 03       		.byte	0x3
 1229 00a3 00000000 		.4byte	cy_meta_configecc
 1230 00a7 07       		.uleb128 0x7
 1231 00a8 79000000 		.4byte	0x79
 1232 00ac 05       		.uleb128 0x5
 1233 00ad 91000000 		.4byte	0x91
 1234 00b1 BC000000 		.4byte	0xbc
 1235 00b5 09       		.uleb128 0x9
 1236 00b6 8A000000 		.4byte	0x8a
 1237 00ba 03       		.byte	0x3
 1238 00bb 00       		.byte	0
 1239 00bc 08       		.uleb128 0x8
 1240 00bd 14010000 		.4byte	.LASF13
 1241 00c1 03       		.byte	0x3
 1242 00c2 B2       		.byte	0xb2
 1243 00c3 CD000000 		.4byte	0xcd
 1244 00c7 05       		.uleb128 0x5
 1245 00c8 03       		.byte	0x3
 1246 00c9 00000000 		.4byte	cy_meta_custnvl
 1247 00cd 07       		.uleb128 0x7
 1248 00ce AC000000 		.4byte	0xac
 1249 00d2 08       		.uleb128 0x8
 1250 00d3 77010000 		.4byte	.LASF14
ARM GAS  C:\Users\Simone\AppData\Local\Temp\ccZJHrY5.s 			page 23


 1251 00d7 03       		.byte	0x3
 1252 00d8 C0       		.byte	0xc0
 1253 00d9 E3000000 		.4byte	0xe3
 1254 00dd 05       		.uleb128 0x5
 1255 00de 03       		.byte	0x3
 1256 00df 00000000 		.4byte	cy_meta_wonvl
 1257 00e3 07       		.uleb128 0x7
 1258 00e4 AC000000 		.4byte	0xac
 1259 00e8 05       		.uleb128 0x5
 1260 00e9 91000000 		.4byte	0x91
 1261 00ed F8000000 		.4byte	0xf8
 1262 00f1 09       		.uleb128 0x9
 1263 00f2 8A000000 		.4byte	0x8a
 1264 00f6 FF       		.byte	0xff
 1265 00f7 00       		.byte	0
 1266 00f8 08       		.uleb128 0x8
 1267 00f9 62010000 		.4byte	.LASF15
 1268 00fd 03       		.byte	0x3
 1269 00fe CE       		.byte	0xce
 1270 00ff 09010000 		.4byte	0x109
 1271 0103 05       		.uleb128 0x5
 1272 0104 03       		.byte	0x3
 1273 0105 00000000 		.4byte	cy_meta_flashprotect
 1274 0109 07       		.uleb128 0x7
 1275 010a E8000000 		.4byte	0xe8
 1276 010e 05       		.uleb128 0x5
 1277 010f 91000000 		.4byte	0x91
 1278 0113 1E010000 		.4byte	0x11e
 1279 0117 09       		.uleb128 0x9
 1280 0118 8A000000 		.4byte	0x8a
 1281 011c 0B       		.byte	0xb
 1282 011d 00       		.byte	0
 1283 011e 08       		.uleb128 0x8
 1284 011f 47000000 		.4byte	.LASF16
 1285 0123 03       		.byte	0x3
 1286 0124 FB       		.byte	0xfb
 1287 0125 2F010000 		.4byte	0x12f
 1288 0129 05       		.uleb128 0x5
 1289 012a 03       		.byte	0x3
 1290 012b 00000000 		.4byte	cy_metadata
 1291 012f 07       		.uleb128 0x7
 1292 0130 0E010000 		.4byte	0x10e
 1293 0134 00       		.byte	0
 1294              		.section	.debug_abbrev,"",%progbits
 1295              	.Ldebug_abbrev0:
 1296 0000 01       		.uleb128 0x1
 1297 0001 11       		.uleb128 0x11
 1298 0002 01       		.byte	0x1
 1299 0003 25       		.uleb128 0x25
 1300 0004 0E       		.uleb128 0xe
 1301 0005 13       		.uleb128 0x13
 1302 0006 0B       		.uleb128 0xb
 1303 0007 03       		.uleb128 0x3
 1304 0008 0E       		.uleb128 0xe
 1305 0009 1B       		.uleb128 0x1b
 1306 000a 0E       		.uleb128 0xe
 1307 000b 10       		.uleb128 0x10
ARM GAS  C:\Users\Simone\AppData\Local\Temp\ccZJHrY5.s 			page 24


 1308 000c 17       		.uleb128 0x17
 1309 000d 00       		.byte	0
 1310 000e 00       		.byte	0
 1311 000f 02       		.uleb128 0x2
 1312 0010 24       		.uleb128 0x24
 1313 0011 00       		.byte	0
 1314 0012 0B       		.uleb128 0xb
 1315 0013 0B       		.uleb128 0xb
 1316 0014 3E       		.uleb128 0x3e
 1317 0015 0B       		.uleb128 0xb
 1318 0016 03       		.uleb128 0x3
 1319 0017 0E       		.uleb128 0xe
 1320 0018 00       		.byte	0
 1321 0019 00       		.byte	0
 1322 001a 03       		.uleb128 0x3
 1323 001b 16       		.uleb128 0x16
 1324 001c 00       		.byte	0
 1325 001d 03       		.uleb128 0x3
 1326 001e 0E       		.uleb128 0xe
 1327 001f 3A       		.uleb128 0x3a
 1328 0020 0B       		.uleb128 0xb
 1329 0021 3B       		.uleb128 0x3b
 1330 0022 0B       		.uleb128 0xb
 1331 0023 49       		.uleb128 0x49
 1332 0024 13       		.uleb128 0x13
 1333 0025 00       		.byte	0
 1334 0026 00       		.byte	0
 1335 0027 04       		.uleb128 0x4
 1336 0028 24       		.uleb128 0x24
 1337 0029 00       		.byte	0
 1338 002a 0B       		.uleb128 0xb
 1339 002b 0B       		.uleb128 0xb
 1340 002c 3E       		.uleb128 0x3e
 1341 002d 0B       		.uleb128 0xb
 1342 002e 03       		.uleb128 0x3
 1343 002f 08       		.uleb128 0x8
 1344 0030 00       		.byte	0
 1345 0031 00       		.byte	0
 1346 0032 05       		.uleb128 0x5
 1347 0033 01       		.uleb128 0x1
 1348 0034 01       		.byte	0x1
 1349 0035 49       		.uleb128 0x49
 1350 0036 13       		.uleb128 0x13
 1351 0037 01       		.uleb128 0x1
 1352 0038 13       		.uleb128 0x13
 1353 0039 00       		.byte	0
 1354 003a 00       		.byte	0
 1355 003b 06       		.uleb128 0x6
 1356 003c 21       		.uleb128 0x21
 1357 003d 00       		.byte	0
 1358 003e 49       		.uleb128 0x49
 1359 003f 13       		.uleb128 0x13
 1360 0040 2F       		.uleb128 0x2f
 1361 0041 05       		.uleb128 0x5
 1362 0042 00       		.byte	0
 1363 0043 00       		.byte	0
 1364 0044 07       		.uleb128 0x7
ARM GAS  C:\Users\Simone\AppData\Local\Temp\ccZJHrY5.s 			page 25


 1365 0045 26       		.uleb128 0x26
 1366 0046 00       		.byte	0
 1367 0047 49       		.uleb128 0x49
 1368 0048 13       		.uleb128 0x13
 1369 0049 00       		.byte	0
 1370 004a 00       		.byte	0
 1371 004b 08       		.uleb128 0x8
 1372 004c 34       		.uleb128 0x34
 1373 004d 00       		.byte	0
 1374 004e 03       		.uleb128 0x3
 1375 004f 0E       		.uleb128 0xe
 1376 0050 3A       		.uleb128 0x3a
 1377 0051 0B       		.uleb128 0xb
 1378 0052 3B       		.uleb128 0x3b
 1379 0053 0B       		.uleb128 0xb
 1380 0054 49       		.uleb128 0x49
 1381 0055 13       		.uleb128 0x13
 1382 0056 3F       		.uleb128 0x3f
 1383 0057 19       		.uleb128 0x19
 1384 0058 02       		.uleb128 0x2
 1385 0059 18       		.uleb128 0x18
 1386 005a 00       		.byte	0
 1387 005b 00       		.byte	0
 1388 005c 09       		.uleb128 0x9
 1389 005d 21       		.uleb128 0x21
 1390 005e 00       		.byte	0
 1391 005f 49       		.uleb128 0x49
 1392 0060 13       		.uleb128 0x13
 1393 0061 2F       		.uleb128 0x2f
 1394 0062 0B       		.uleb128 0xb
 1395 0063 00       		.byte	0
 1396 0064 00       		.byte	0
 1397 0065 00       		.byte	0
 1398              		.section	.debug_aranges,"",%progbits
 1399 0000 14000000 		.4byte	0x14
 1400 0004 0200     		.2byte	0x2
 1401 0006 00000000 		.4byte	.Ldebug_info0
 1402 000a 04       		.byte	0x4
 1403 000b 00       		.byte	0
 1404 000c 0000     		.2byte	0
 1405 000e 0000     		.2byte	0
 1406 0010 00000000 		.4byte	0
 1407 0014 00000000 		.4byte	0
 1408              		.section	.debug_line,"",%progbits
 1409              	.Ldebug_line0:
 1410 0000 3D010000 		.section	.debug_str,"MS",%progbits,1
 1410      02003701 
 1410      00000201 
 1410      FB0E0D00 
 1410      01010101 
 1411              	.LASF9:
 1412 0000 5F5F7569 		.ascii	"__uint8_t\000"
 1412      6E74385F 
 1412      7400
 1413              	.LASF19:
 1414 000a 433A5C55 		.ascii	"C:\\Users\\Simone\\Desktop\\PSoC_03\\AY1920_II_HW_0"
 1414      73657273 
ARM GAS  C:\Users\Simone\AppData\Local\Temp\ccZJHrY5.s 			page 26


 1414      5C53696D 
 1414      6F6E655C 
 1414      4465736B 
 1415 0038 355F5052 		.ascii	"5_PROJ_3.cydsn\000"
 1415      4F4A5F33 
 1415      2E637964 
 1415      736E00
 1416              	.LASF16:
 1417 0047 63795F6D 		.ascii	"cy_metadata\000"
 1417      65746164 
 1417      61746100 
 1418              	.LASF1:
 1419 0053 756E7369 		.ascii	"unsigned char\000"
 1419      676E6564 
 1419      20636861 
 1419      7200
 1420              	.LASF17:
 1421 0061 474E5520 		.ascii	"GNU C11 5.4.1 20160609 (release) [ARM/embedded-5-br"
 1421      43313120 
 1421      352E342E 
 1421      31203230 
 1421      31363036 
 1422 0094 616E6368 		.ascii	"anch revision 237715] -mcpu=cortex-m3 -mthumb -g -O"
 1422      20726576 
 1422      6973696F 
 1422      6E203233 
 1422      37373135 
 1423 00c7 67202D66 		.ascii	"g -ffunction-sections -ffat-lto-objects\000"
 1423      66756E63 
 1423      74696F6E 
 1423      2D736563 
 1423      74696F6E 
 1424              	.LASF5:
 1425 00ef 6C6F6E67 		.ascii	"long unsigned int\000"
 1425      20756E73 
 1425      69676E65 
 1425      6420696E 
 1425      7400
 1426              	.LASF3:
 1427 0101 73686F72 		.ascii	"short unsigned int\000"
 1427      7420756E 
 1427      7369676E 
 1427      65642069 
 1427      6E7400
 1428              	.LASF13:
 1429 0114 63795F6D 		.ascii	"cy_meta_custnvl\000"
 1429      6574615F 
 1429      63757374 
 1429      6E766C00 
 1430              	.LASF12:
 1431 0124 63795F6D 		.ascii	"cy_meta_configecc\000"
 1431      6574615F 
 1431      636F6E66 
 1431      69676563 
 1431      6300
 1432              	.LASF8:
 1433 0136 756E7369 		.ascii	"unsigned int\000"
ARM GAS  C:\Users\Simone\AppData\Local\Temp\ccZJHrY5.s 			page 27


 1433      676E6564 
 1433      20696E74 
 1433      00
 1434              	.LASF7:
 1435 0143 6C6F6E67 		.ascii	"long long unsigned int\000"
 1435      206C6F6E 
 1435      6720756E 
 1435      7369676E 
 1435      65642069 
 1436              	.LASF10:
 1437 015a 75696E74 		.ascii	"uint8_t\000"
 1437      385F7400 
 1438              	.LASF15:
 1439 0162 63795F6D 		.ascii	"cy_meta_flashprotect\000"
 1439      6574615F 
 1439      666C6173 
 1439      6870726F 
 1439      74656374 
 1440              	.LASF14:
 1441 0177 63795F6D 		.ascii	"cy_meta_wonvl\000"
 1441      6574615F 
 1441      776F6E76 
 1441      6C00
 1442              	.LASF11:
 1443 0185 73697A65 		.ascii	"sizetype\000"
 1443      74797065 
 1443      00
 1444              	.LASF6:
 1445 018e 6C6F6E67 		.ascii	"long long int\000"
 1445      206C6F6E 
 1445      6720696E 
 1445      7400
 1446              	.LASF2:
 1447 019c 73686F72 		.ascii	"short int\000"
 1447      7420696E 
 1447      7400
 1448              	.LASF4:
 1449 01a6 6C6F6E67 		.ascii	"long int\000"
 1449      20696E74 
 1449      00
 1450              	.LASF0:
 1451 01af 7369676E 		.ascii	"signed char\000"
 1451      65642063 
 1451      68617200 
 1452              	.LASF18:
 1453 01bb 47656E65 		.ascii	"Generated_Source\\PSoC5\\cymetadata.c\000"
 1453      72617465 
 1453      645F536F 
 1453      75726365 
 1453      5C50536F 
 1454              		.ident	"GCC: (GNU Tools for ARM Embedded Processors) 5.4.1 20160609 (release) [ARM/embedded-5-bran
