ARM GAS  C:\Users\Simone\AppData\Local\Temp\cc0GX0Vw.s 			page 1


   1              		.syntax unified
   2              		.cpu cortex-m3
   3              		.fpu softvfp
   4              		.eabi_attribute 20, 1
   5              		.eabi_attribute 21, 1
   6              		.eabi_attribute 23, 3
   7              		.eabi_attribute 24, 1
   8              		.eabi_attribute 25, 1
   9              		.eabi_attribute 26, 1
  10              		.eabi_attribute 30, 1
  11              		.eabi_attribute 34, 1
  12              		.eabi_attribute 18, 4
  13              		.thumb
  14              		.syntax unified
  15              		.file	"main.c"
  16              		.text
  17              	.Ltext0:
  18              		.cfi_sections	.debug_frame
  19              		.section	.text.main,"ax",%progbits
  20              		.align	2
  21              		.global	main
  22              		.thumb
  23              		.thumb_func
  24              		.type	main, %function
  25              	main:
  26              	.LFB64:
  27              		.file 1 "main.c"
   1:main.c        **** /**
   2:main.c        **** * \brief Main source file for the I2C-Master project.
   3:main.c        **** *
   4:main.c        **** * In this project we set up a I2C master device with
   5:main.c        **** * to understand the I2C protocol and communicate with a
   6:main.c        **** * a I2C Slave device (LIS3DH Accelerometer).
   7:main.c        **** *
   8:main.c        **** * \author Gabriele Belotti
   9:main.c        **** * \date , 2020
  10:main.c        **** */
  11:main.c        **** 
  12:main.c        **** // Include required header files
  13:main.c        **** #include "I2C_Interface.h"
  14:main.c        **** #include "project.h"
  15:main.c        **** #include "stdio.h"
  16:main.c        **** 
  17:main.c        **** //brief 7-bit I2C address of the slave device.
  18:main.c        **** #define LIS3DH_DEVICE_ADDRESS 0x18
  19:main.c        **** 
  20:main.c        **** //brief Address of the WHO AM I register
  21:main.c        **** #define LIS3DH_WHO_AM_I_REG_ADDR 0x0F
  22:main.c        **** 
  23:main.c        **** //brief Address of the Status register
  24:main.c        **** #define LIS3DH_STATUS_REG 0x27
  25:main.c        **** 
  26:main.c        **** //brief Address of the Control register 1
  27:main.c        **** #define LIS3DH_CTRL_REG1 0x20
  28:main.c        **** 
  29:main.c        **** //brief Hex value to set normal mode 100Hz to the accelerator
  30:main.c        **** #define LIS3DH_NORMAL_MODE_100_CTRL_REG1 0x57
ARM GAS  C:\Users\Simone\AppData\Local\Temp\cc0GX0Vw.s 			page 2


  31:main.c        **** 
  32:main.c        **** //brief Address of the Control register 4
  33:main.c        **** #define LIS3DH_CTRL_REG4 0x23
  34:main.c        **** 
  35:main.c        **** //output registers updated after MSB and LSB reading, FSR [-2g;+2g], normal mode
  36:main.c        **** #define LIS3DH_CTRL_REG4_BDU_ACTIVE 0x80 
  37:main.c        **** 
  38:main.c        **** //brief Address of the out_x_l register
  39:main.c        **** #define LIS3DH_OUT_X_L  0x28
  40:main.c        **** #define LIS3DH_OUT_X_H  0x29
  41:main.c        **** 
  42:main.c        **** //brief Address of the out_y_l register
  43:main.c        **** #define LIS3DH_OUT_Y_L  0x2A
  44:main.c        **** 
  45:main.c        **** //brief Address of the out_z_l register
  46:main.c        **** #define LIS3DH_OUT_Z_L  0x2C
  47:main.c        **** 
  48:main.c        **** int main(void)
  49:main.c        **** {
  28              		.loc 1 49 0
  29              		.cfi_startproc
  30              		@ args = 0, pretend = 0, frame = 80
  31              		@ frame_needed = 0, uses_anonymous_args = 0
  32 0000 10B5     		push	{r4, lr}
  33              		.cfi_def_cfa_offset 8
  34              		.cfi_offset 4, -8
  35              		.cfi_offset 14, -4
  36 0002 94B0     		sub	sp, sp, #80
  37              		.cfi_def_cfa_offset 88
  50:main.c        ****     CyGlobalIntEnable; /* Enable global interrupts. */
  38              		.loc 1 50 0
  39              		.syntax unified
  40              	@ 50 "main.c" 1
  41 0004 62B6     		CPSIE   i
  42              	@ 0 "" 2
  51:main.c        **** 
  52:main.c        ****     /* Place your initialization/startup code here (e.g. MyInst_Start()) */
  53:main.c        ****     I2C_Peripheral_Start(); //I2C enabled
  43              		.loc 1 53 0
  44              		.thumb
  45              		.syntax unified
  46 0006 FFF7FEFF 		bl	I2C_Peripheral_Start
  47              	.LVL0:
  54:main.c        ****     UART_Debug_Start(); // UART enabled
  48              		.loc 1 54 0
  49 000a FFF7FEFF 		bl	UART_Debug_Start
  50              	.LVL1:
  55:main.c        ****     
  56:main.c        ****     CyDelay(5); //"The boot procedure is complete about 5 milliseconds after device power-up."
  51              		.loc 1 56 0
  52 000e 0520     		movs	r0, #5
  53 0010 FFF7FEFF 		bl	CyDelay
  54              	.LVL2:
  55              	.LBB2:
  57:main.c        ****     
  58:main.c        ****     // String to print out messages on the UART
  59:main.c        ****     char message[50];
ARM GAS  C:\Users\Simone\AppData\Local\Temp\cc0GX0Vw.s 			page 3


  60:main.c        **** 
  61:main.c        ****     // Check which devices are present on the I2C bus
  62:main.c        ****     for (int i = 0 ; i < 128; i++)
  56              		.loc 1 62 0
  57 0014 0024     		movs	r4, #0
  58 0016 0CE0     		b	.L2
  59              	.LVL3:
  60              	.L4:
  63:main.c        ****     {
  64:main.c        ****         if (I2C_Peripheral_IsDeviceConnected(i))
  61              		.loc 1 64 0
  62 0018 E0B2     		uxtb	r0, r4
  63 001a FFF7FEFF 		bl	I2C_Peripheral_IsDeviceConnected
  64              	.LVL4:
  65 001e 38B1     		cbz	r0, .L3
  65:main.c        ****         {
  66:main.c        ****             // print out the address is hex format
  67:main.c        ****             sprintf(message, "Device 0x%02X is connected\r\n", i);
  66              		.loc 1 67 0
  67 0020 2246     		mov	r2, r4
  68 0022 8049     		ldr	r1, .L24
  69 0024 07A8     		add	r0, sp, #28
  70 0026 FFF7FEFF 		bl	sprintf
  71              	.LVL5:
  68:main.c        ****             UART_Debug_PutString(message); 
  72              		.loc 1 68 0
  73 002a 07A8     		add	r0, sp, #28
  74 002c FFF7FEFF 		bl	UART_Debug_PutString
  75              	.LVL6:
  76              	.L3:
  62:main.c        ****     {
  77              		.loc 1 62 0 discriminator 2
  78 0030 0134     		adds	r4, r4, #1
  79              	.LVL7:
  80              	.L2:
  62:main.c        ****     {
  81              		.loc 1 62 0 is_stmt 0 discriminator 1
  82 0032 7F2C     		cmp	r4, #127
  83 0034 F0DD     		ble	.L4
  84              	.LBE2:
  69:main.c        ****         }
  70:main.c        ****         
  71:main.c        ****     }
  72:main.c        ****     
  73:main.c        ****     /******************************************/
  74:main.c        ****     /*            I2C Reading                 */
  75:main.c        ****     /******************************************/
  76:main.c        ****     
  77:main.c        ****     /* Read WHO AM I REGISTER register */
  78:main.c        ****     uint8_t who_am_i_reg;
  79:main.c        ****     ErrorCode error = I2C_Peripheral_ReadRegister(LIS3DH_DEVICE_ADDRESS,
  85              		.loc 1 79 0 is_stmt 1
  86 0036 0DF11B02 		add	r2, sp, #27
  87 003a 0F21     		movs	r1, #15
  88 003c 1820     		movs	r0, #24
  89 003e FFF7FEFF 		bl	I2C_Peripheral_ReadRegister
  90              	.LVL8:
ARM GAS  C:\Users\Simone\AppData\Local\Temp\cc0GX0Vw.s 			page 4


  80:main.c        ****                                                   LIS3DH_WHO_AM_I_REG_ADDR, 
  81:main.c        ****                                                   &who_am_i_reg);
  82:main.c        ****     if (error == NO_ERROR)
  91              		.loc 1 82 0
  92 0042 48B9     		cbnz	r0, .L5
  83:main.c        ****     {
  84:main.c        ****         sprintf(message, "WHO AM I REG: 0x%02X [Expected: 0x33]\r\n", who_am_i_reg);
  93              		.loc 1 84 0
  94 0044 9DF81B20 		ldrb	r2, [sp, #27]	@ zero_extendqisi2
  95 0048 7749     		ldr	r1, .L24+4
  96 004a 07A8     		add	r0, sp, #28
  97              	.LVL9:
  98 004c FFF7FEFF 		bl	sprintf
  99              	.LVL10:
  85:main.c        ****         UART_Debug_PutString(message); 
 100              		.loc 1 85 0
 101 0050 07A8     		add	r0, sp, #28
 102 0052 FFF7FEFF 		bl	UART_Debug_PutString
 103              	.LVL11:
 104 0056 02E0     		b	.L6
 105              	.LVL12:
 106              	.L5:
  86:main.c        ****     }
  87:main.c        ****     else
  88:main.c        ****     {
  89:main.c        ****         UART_Debug_PutString("Error occurred during I2C comm\r\n");   
 107              		.loc 1 89 0
 108 0058 7448     		ldr	r0, .L24+8
 109              	.LVL13:
 110 005a FFF7FEFF 		bl	UART_Debug_PutString
 111              	.LVL14:
 112              	.L6:
  90:main.c        ****     }
  91:main.c        ****     
  92:main.c        ****     /*      I2C Reading Status Register       */
  93:main.c        ****     
  94:main.c        ****     uint8_t status_register; 
  95:main.c        ****     error = I2C_Peripheral_ReadRegister(LIS3DH_DEVICE_ADDRESS,
 113              		.loc 1 95 0
 114 005e 0DF11A02 		add	r2, sp, #26
 115 0062 2721     		movs	r1, #39
 116 0064 1820     		movs	r0, #24
 117 0066 FFF7FEFF 		bl	I2C_Peripheral_ReadRegister
 118              	.LVL15:
  96:main.c        ****                                         LIS3DH_STATUS_REG,
  97:main.c        ****                                         &status_register);
  98:main.c        ****     
  99:main.c        ****     if (error == NO_ERROR)
 119              		.loc 1 99 0
 120 006a 48B9     		cbnz	r0, .L7
 100:main.c        ****     {
 101:main.c        ****         sprintf(message, "STATUS REGISTER: 0x%02X\r\n", status_register);
 121              		.loc 1 101 0
 122 006c 9DF81A20 		ldrb	r2, [sp, #26]	@ zero_extendqisi2
 123 0070 6F49     		ldr	r1, .L24+12
 124 0072 07A8     		add	r0, sp, #28
 125              	.LVL16:
ARM GAS  C:\Users\Simone\AppData\Local\Temp\cc0GX0Vw.s 			page 5


 126 0074 FFF7FEFF 		bl	sprintf
 127              	.LVL17:
 102:main.c        ****         UART_Debug_PutString(message); 
 128              		.loc 1 102 0
 129 0078 07A8     		add	r0, sp, #28
 130 007a FFF7FEFF 		bl	UART_Debug_PutString
 131              	.LVL18:
 132 007e 02E0     		b	.L8
 133              	.LVL19:
 134              	.L7:
 103:main.c        ****     }
 104:main.c        ****     else
 105:main.c        ****     {
 106:main.c        ****         UART_Debug_PutString("Error occurred during I2C comm to read status register\r\n");   
 135              		.loc 1 106 0
 136 0080 6C48     		ldr	r0, .L24+16
 137              	.LVL20:
 138 0082 FFF7FEFF 		bl	UART_Debug_PutString
 139              	.LVL21:
 140              	.L8:
 107:main.c        ****     }
 108:main.c        ****     
 109:main.c        ****     /******************************************/
 110:main.c        ****     /*        Read Control Register 1         */
 111:main.c        ****     /******************************************/
 112:main.c        ****     uint8_t ctrl_reg1; 
 113:main.c        ****     error = I2C_Peripheral_ReadRegister(LIS3DH_DEVICE_ADDRESS,
 141              		.loc 1 113 0
 142 0086 0DF11902 		add	r2, sp, #25
 143 008a 2021     		movs	r1, #32
 144 008c 1820     		movs	r0, #24
 145 008e FFF7FEFF 		bl	I2C_Peripheral_ReadRegister
 146              	.LVL22:
 114:main.c        ****                                         LIS3DH_CTRL_REG1,
 115:main.c        ****                                         &ctrl_reg1);
 116:main.c        ****     
 117:main.c        ****     if (error == NO_ERROR)
 147              		.loc 1 117 0
 148 0092 48B9     		cbnz	r0, .L9
 118:main.c        ****     {
 119:main.c        ****         sprintf(message, "CONTROL REGISTER 1: 0x%02X\r\n", ctrl_reg1);
 149              		.loc 1 119 0
 150 0094 9DF81920 		ldrb	r2, [sp, #25]	@ zero_extendqisi2
 151 0098 6749     		ldr	r1, .L24+20
 152 009a 07A8     		add	r0, sp, #28
 153              	.LVL23:
 154 009c FFF7FEFF 		bl	sprintf
 155              	.LVL24:
 120:main.c        ****         UART_Debug_PutString(message); 
 156              		.loc 1 120 0
 157 00a0 07A8     		add	r0, sp, #28
 158 00a2 FFF7FEFF 		bl	UART_Debug_PutString
 159              	.LVL25:
 160 00a6 02E0     		b	.L10
 161              	.LVL26:
 162              	.L9:
 121:main.c        ****     }
ARM GAS  C:\Users\Simone\AppData\Local\Temp\cc0GX0Vw.s 			page 6


 122:main.c        ****     else
 123:main.c        ****     {
 124:main.c        ****         UART_Debug_PutString("Error occurred during I2C comm to read control register 1\r\n");   
 163              		.loc 1 124 0
 164 00a8 6448     		ldr	r0, .L24+24
 165              	.LVL27:
 166 00aa FFF7FEFF 		bl	UART_Debug_PutString
 167              	.LVL28:
 168              	.L10:
 125:main.c        ****     }
 126:main.c        ****     
 127:main.c        ****     /******************************************/
 128:main.c        ****     /*            I2C Writing                 */
 129:main.c        ****     /******************************************/
 130:main.c        ****     
 131:main.c        ****         
 132:main.c        ****     UART_Debug_PutString("\r\nWriting new values..\r\n");
 169              		.loc 1 132 0
 170 00ae 6448     		ldr	r0, .L24+28
 171 00b0 FFF7FEFF 		bl	UART_Debug_PutString
 172              	.LVL29:
 133:main.c        ****     
 134:main.c        ****     if (ctrl_reg1 != LIS3DH_NORMAL_MODE_100_CTRL_REG1)
 173              		.loc 1 134 0
 174 00b4 9DF81930 		ldrb	r3, [sp, #25]	@ zero_extendqisi2
 175 00b8 572B     		cmp	r3, #87
 176 00ba 14D0     		beq	.L11
 135:main.c        ****     {
 136:main.c        ****         ctrl_reg1 = LIS3DH_NORMAL_MODE_100_CTRL_REG1;
 177              		.loc 1 136 0
 178 00bc 5722     		movs	r2, #87
 179 00be 8DF81920 		strb	r2, [sp, #25]
 137:main.c        ****     
 138:main.c        ****         error = I2C_Peripheral_WriteRegister(LIS3DH_DEVICE_ADDRESS,
 180              		.loc 1 138 0
 181 00c2 2021     		movs	r1, #32
 182 00c4 1820     		movs	r0, #24
 183 00c6 FFF7FEFF 		bl	I2C_Peripheral_WriteRegister
 184              	.LVL30:
 139:main.c        ****                                              LIS3DH_CTRL_REG1,
 140:main.c        ****                                              ctrl_reg1);
 141:main.c        ****     
 142:main.c        ****         if (error == NO_ERROR)
 185              		.loc 1 142 0
 186 00ca 48B9     		cbnz	r0, .L12
 143:main.c        ****         {
 144:main.c        ****             sprintf(message, "CONTROL REGISTER 1 successfully written as: 0x%02X\r\n", ctrl_reg1);
 187              		.loc 1 144 0
 188 00cc 9DF81920 		ldrb	r2, [sp, #25]	@ zero_extendqisi2
 189 00d0 5C49     		ldr	r1, .L24+32
 190 00d2 07A8     		add	r0, sp, #28
 191              	.LVL31:
 192 00d4 FFF7FEFF 		bl	sprintf
 193              	.LVL32:
 145:main.c        ****             UART_Debug_PutString(message); 
 194              		.loc 1 145 0
 195 00d8 07A8     		add	r0, sp, #28
ARM GAS  C:\Users\Simone\AppData\Local\Temp\cc0GX0Vw.s 			page 7


 196 00da FFF7FEFF 		bl	UART_Debug_PutString
 197              	.LVL33:
 198 00de 02E0     		b	.L11
 199              	.LVL34:
 200              	.L12:
 146:main.c        ****         }
 147:main.c        ****         else
 148:main.c        ****         {
 149:main.c        ****             UART_Debug_PutString("Error occurred during I2C comm to set control register 1\r\n");  
 201              		.loc 1 149 0
 202 00e0 5948     		ldr	r0, .L24+36
 203              	.LVL35:
 204 00e2 FFF7FEFF 		bl	UART_Debug_PutString
 205              	.LVL36:
 206              	.L11:
 150:main.c        ****         }
 151:main.c        ****     }
 152:main.c        ****     
 153:main.c        ****     /******************************************/
 154:main.c        ****     /*     Read Control Register 1 again      */
 155:main.c        ****     /******************************************/
 156:main.c        **** 
 157:main.c        ****     error = I2C_Peripheral_ReadRegister(LIS3DH_DEVICE_ADDRESS,
 207              		.loc 1 157 0
 208 00e6 0DF11902 		add	r2, sp, #25
 209 00ea 2021     		movs	r1, #32
 210 00ec 1820     		movs	r0, #24
 211 00ee FFF7FEFF 		bl	I2C_Peripheral_ReadRegister
 212              	.LVL37:
 158:main.c        ****                                         LIS3DH_CTRL_REG1,
 159:main.c        ****                                         &ctrl_reg1);
 160:main.c        ****     
 161:main.c        ****     if (error == NO_ERROR)
 213              		.loc 1 161 0
 214 00f2 48B9     		cbnz	r0, .L13
 162:main.c        ****     {
 163:main.c        ****         sprintf(message, "CONTROL REGISTER 1 after overwrite operation: 0x%02X\r\n", ctrl_reg1);
 215              		.loc 1 163 0
 216 00f4 9DF81920 		ldrb	r2, [sp, #25]	@ zero_extendqisi2
 217 00f8 5449     		ldr	r1, .L24+40
 218 00fa 07A8     		add	r0, sp, #28
 219              	.LVL38:
 220 00fc FFF7FEFF 		bl	sprintf
 221              	.LVL39:
 164:main.c        ****         UART_Debug_PutString(message); 
 222              		.loc 1 164 0
 223 0100 07A8     		add	r0, sp, #28
 224 0102 FFF7FEFF 		bl	UART_Debug_PutString
 225              	.LVL40:
 226 0106 02E0     		b	.L14
 227              	.LVL41:
 228              	.L13:
 165:main.c        ****     }
 166:main.c        ****     else
 167:main.c        ****     {
 168:main.c        ****         UART_Debug_PutString("Error occurred during I2C comm to read control register 1\r\n");   
 229              		.loc 1 168 0
ARM GAS  C:\Users\Simone\AppData\Local\Temp\cc0GX0Vw.s 			page 8


 230 0108 4C48     		ldr	r0, .L24+24
 231              	.LVL42:
 232 010a FFF7FEFF 		bl	UART_Debug_PutString
 233              	.LVL43:
 234              	.L14:
 169:main.c        ****     }
 170:main.c        ****     
 171:main.c        ****      /******************************************/
 172:main.c        ****      /* Read Control Register 4 */
 173:main.c        ****      /******************************************/
 174:main.c        **** 
 175:main.c        ****     
 176:main.c        ****     
 177:main.c        ****     uint8_t ctrl_reg4;
 178:main.c        **** 
 179:main.c        ****     error = I2C_Peripheral_ReadRegister(LIS3DH_DEVICE_ADDRESS,
 235              		.loc 1 179 0
 236 010e 06AA     		add	r2, sp, #24
 237 0110 2321     		movs	r1, #35
 238 0112 1820     		movs	r0, #24
 239 0114 FFF7FEFF 		bl	I2C_Peripheral_ReadRegister
 240              	.LVL44:
 180:main.c        ****                                         LIS3DH_CTRL_REG4,
 181:main.c        ****                                         &ctrl_reg4);
 182:main.c        ****     
 183:main.c        ****     if (error == NO_ERROR)
 241              		.loc 1 183 0
 242 0118 48B9     		cbnz	r0, .L15
 184:main.c        ****     {
 185:main.c        ****         sprintf(message, "CONTROL REGISTER 4: 0x%02X\r\n", ctrl_reg4);
 243              		.loc 1 185 0
 244 011a 9DF81820 		ldrb	r2, [sp, #24]	@ zero_extendqisi2
 245 011e 4C49     		ldr	r1, .L24+44
 246 0120 07A8     		add	r0, sp, #28
 247              	.LVL45:
 248 0122 FFF7FEFF 		bl	sprintf
 249              	.LVL46:
 186:main.c        ****         UART_Debug_PutString(message); 
 250              		.loc 1 186 0
 251 0126 07A8     		add	r0, sp, #28
 252 0128 FFF7FEFF 		bl	UART_Debug_PutString
 253              	.LVL47:
 254 012c 02E0     		b	.L16
 255              	.LVL48:
 256              	.L15:
 187:main.c        ****     }
 188:main.c        ****     else
 189:main.c        ****     {
 190:main.c        ****         UART_Debug_PutString("Error occurred during I2C comm to read control register4\r\n");   
 257              		.loc 1 190 0
 258 012e 4948     		ldr	r0, .L24+48
 259              	.LVL49:
 260 0130 FFF7FEFF 		bl	UART_Debug_PutString
 261              	.LVL50:
 262              	.L16:
 191:main.c        ****     }
 192:main.c        ****     
ARM GAS  C:\Users\Simone\AppData\Local\Temp\cc0GX0Vw.s 			page 9


 193:main.c        ****     
 194:main.c        ****     ctrl_reg4 = LIS3DH_CTRL_REG4_BDU_ACTIVE; 
 263              		.loc 1 194 0
 264 0134 8022     		movs	r2, #128
 265 0136 14AC     		add	r4, sp, #80
 266              	.LVL51:
 267 0138 04F8382D 		strb	r2, [r4, #-56]!
 195:main.c        ****     
 196:main.c        ****     error = I2C_Peripheral_WriteRegister(LIS3DH_DEVICE_ADDRESS,
 268              		.loc 1 196 0
 269 013c 2321     		movs	r1, #35
 270 013e 1820     		movs	r0, #24
 271 0140 FFF7FEFF 		bl	I2C_Peripheral_WriteRegister
 272              	.LVL52:
 197:main.c        ****                                          LIS3DH_CTRL_REG4,
 198:main.c        ****                                          ctrl_reg4);
 199:main.c        ****     
 200:main.c        ****     error = I2C_Peripheral_ReadRegister(LIS3DH_DEVICE_ADDRESS,
 273              		.loc 1 200 0
 274 0144 2246     		mov	r2, r4
 275 0146 2321     		movs	r1, #35
 276 0148 1820     		movs	r0, #24
 277 014a FFF7FEFF 		bl	I2C_Peripheral_ReadRegister
 278              	.LVL53:
 201:main.c        ****                                         LIS3DH_CTRL_REG4,
 202:main.c        ****                                         &ctrl_reg4);
 203:main.c        ****     
 204:main.c        ****     
 205:main.c        ****     if (error == NO_ERROR)
 279              		.loc 1 205 0
 280 014e 48B9     		cbnz	r0, .L17
 206:main.c        ****     {
 207:main.c        ****         sprintf(message, "CONTROL REGISTER 4 after being updated: 0x%02X\r\n", ctrl_reg4);
 281              		.loc 1 207 0
 282 0150 9DF81820 		ldrb	r2, [sp, #24]	@ zero_extendqisi2
 283 0154 4049     		ldr	r1, .L24+52
 284 0156 07A8     		add	r0, sp, #28
 285              	.LVL54:
 286 0158 FFF7FEFF 		bl	sprintf
 287              	.LVL55:
 208:main.c        ****         UART_Debug_PutString(message); 
 288              		.loc 1 208 0
 289 015c 07A8     		add	r0, sp, #28
 290 015e FFF7FEFF 		bl	UART_Debug_PutString
 291              	.LVL56:
 292 0162 02E0     		b	.L18
 293              	.LVL57:
 294              	.L17:
 209:main.c        ****     }
 210:main.c        ****     else
 211:main.c        ****     {
 212:main.c        ****         UART_Debug_PutString("Error occurred during I2C comm to read control register4\r\n");   
 295              		.loc 1 212 0
 296 0164 3B48     		ldr	r0, .L24+48
 297              	.LVL58:
 298 0166 FFF7FEFF 		bl	UART_Debug_PutString
 299              	.LVL59:
ARM GAS  C:\Users\Simone\AppData\Local\Temp\cc0GX0Vw.s 			page 10


 300              	.L18:
 213:main.c        ****     }
 214:main.c        ****     
 215:main.c        ****     int16_t Out_X;
 216:main.c        ****     int16_t Out_Y;
 217:main.c        ****     int16_t Out_Z;
 218:main.c        ****     uint8_t header = 0xA0;
 219:main.c        ****     uint8_t footer = 0xC0;
 220:main.c        ****     uint8_t OutArray[8]; 
 221:main.c        ****     uint8_t X_Data[2];
 222:main.c        ****     uint8_t Y_Data[2];
 223:main.c        ****     uint8_t Z_Data[2];
 224:main.c        ****     uint8_t status_reg;
 225:main.c        ****     
 226:main.c        ****     OutArray[0] = header;
 301              		.loc 1 226 0
 302 016a A023     		movs	r3, #160
 303 016c 8DF81030 		strb	r3, [sp, #16]
 227:main.c        ****     OutArray[7] = footer;
 304              		.loc 1 227 0
 305 0170 C023     		movs	r3, #192
 306 0172 8DF81730 		strb	r3, [sp, #23]
 307              	.L19:
 228:main.c        ****     
 229:main.c        ****     for(;;)
 230:main.c        ****     {
 231:main.c        ****         CyDelay(5); //output data at 100Hz = data available every 10ms, so the delay must be lower
 308              		.loc 1 231 0
 309 0176 0520     		movs	r0, #5
 310 0178 FFF7FEFF 		bl	CyDelay
 311              	.LVL60:
 232:main.c        ****         error= I2C_Peripheral_ReadRegister(LIS3DH_DEVICE_ADDRESS,
 312              		.loc 1 232 0
 313 017c 0DF10302 		add	r2, sp, #3
 314 0180 2721     		movs	r1, #39
 315 0182 1820     		movs	r0, #24
 316 0184 FFF7FEFF 		bl	I2C_Peripheral_ReadRegister
 317              	.LVL61:
 233:main.c        ****                                             LIS3DH_STATUS_REG,
 234:main.c        ****                                            &status_reg);
 235:main.c        ****         if (error==NO_ERROR)
 318              		.loc 1 235 0
 319 0188 0028     		cmp	r0, #0
 320 018a F4D1     		bne	.L19
 236:main.c        ****          {if(status_reg &= 0x08)
 321              		.loc 1 236 0
 322 018c 9DF80330 		ldrb	r3, [sp, #3]	@ zero_extendqisi2
 323 0190 03F00803 		and	r3, r3, #8
 324 0194 DBB2     		uxtb	r3, r3
 325 0196 8DF80330 		strb	r3, [sp, #3]
 326 019a 002B     		cmp	r3, #0
 327 019c EBD0     		beq	.L19
 237:main.c        ****             {error = I2C_Peripheral_ReadRegisterMulti(LIS3DH_DEVICE_ADDRESS,
 328              		.loc 1 237 0
 329 019e 03AB     		add	r3, sp, #12
 330 01a0 0222     		movs	r2, #2
 331 01a2 2821     		movs	r1, #40
ARM GAS  C:\Users\Simone\AppData\Local\Temp\cc0GX0Vw.s 			page 11


 332 01a4 1820     		movs	r0, #24
 333              	.LVL62:
 334 01a6 FFF7FEFF 		bl	I2C_Peripheral_ReadRegisterMulti
 335              	.LVL63:
 238:main.c        ****                                             LIS3DH_OUT_X_L,
 239:main.c        ****                                             2,
 240:main.c        ****                                             &X_Data[0]);
 241:main.c        ****             
 242:main.c        ****             error = I2C_Peripheral_ReadRegisterMulti(LIS3DH_DEVICE_ADDRESS,
 336              		.loc 1 242 0
 337 01aa 02AB     		add	r3, sp, #8
 338 01ac 0222     		movs	r2, #2
 339 01ae 2A21     		movs	r1, #42
 340 01b0 1820     		movs	r0, #24
 341 01b2 FFF7FEFF 		bl	I2C_Peripheral_ReadRegisterMulti
 342              	.LVL64:
 243:main.c        ****                                             LIS3DH_OUT_Y_L,
 244:main.c        ****                                             2,
 245:main.c        ****                                             &Y_Data[0]);
 246:main.c        ****             
 247:main.c        ****             error = I2C_Peripheral_ReadRegisterMulti(LIS3DH_DEVICE_ADDRESS,
 343              		.loc 1 247 0
 344 01b6 01AB     		add	r3, sp, #4
 345 01b8 0222     		movs	r2, #2
 346 01ba 2C21     		movs	r1, #44
 347 01bc 1820     		movs	r0, #24
 348 01be FFF7FEFF 		bl	I2C_Peripheral_ReadRegisterMulti
 349              	.LVL65:
 248:main.c        ****                                             LIS3DH_OUT_Z_L,
 249:main.c        ****                                             2,
 250:main.c        ****                                             &Z_Data[0]);
 251:main.c        ****                 
 252:main.c        ****              
 253:main.c        ****             /*if (error == NO_ERROR)
 254:main.c        ****             {sprintf(message, "OUT_X_L: 0x%02X\r\n", X_Data[0]);
 255:main.c        ****              UART_Debug_PutString(message); 
 256:main.c        ****              sprintf(message, "OUT_X_H: 0x%02X\r\n", X_Data[1]);
 257:main.c        ****              UART_Debug_PutString(message); 
 258:main.c        ****             }*/
 259:main.c        ****             if(error == NO_ERROR)
 350              		.loc 1 259 0
 351 01c2 0028     		cmp	r0, #0
 352 01c4 D7D1     		bne	.L19
 260:main.c        ****               {
 261:main.c        ****                Out_X = (int16)((X_Data[0] | (X_Data[1]<<8)))>>6;
 353              		.loc 1 261 0
 354 01c6 9DF80C30 		ldrb	r3, [sp, #12]	@ zero_extendqisi2
 355 01ca 9DF80D20 		ldrb	r2, [sp, #13]	@ zero_extendqisi2
 356 01ce 43EA0223 		orr	r3, r3, r2, lsl #8
 357 01d2 43F38913 		sbfx	r3, r3, #6, #10
 358              	.LVL66:
 262:main.c        ****                OutArray[1] = (uint8_t)(Out_X & 0xFF);
 359              		.loc 1 262 0
 360 01d6 8DF81130 		strb	r3, [sp, #17]
 263:main.c        ****                OutArray[2] = (uint8_t)(Out_X >> 8);
 361              		.loc 1 263 0
 362 01da C3F30723 		ubfx	r3, r3, #8, #8
ARM GAS  C:\Users\Simone\AppData\Local\Temp\cc0GX0Vw.s 			page 12


 363              	.LVL67:
 364 01de 8DF81230 		strb	r3, [sp, #18]
 264:main.c        ****                
 265:main.c        ****                Out_Y = (int16)((Y_Data[0] | (Y_Data[1]<<8)))>>6;
 365              		.loc 1 265 0
 366 01e2 9DF80830 		ldrb	r3, [sp, #8]	@ zero_extendqisi2
 367 01e6 9DF80920 		ldrb	r2, [sp, #9]	@ zero_extendqisi2
 368              	.LVL68:
 369 01ea 43EA0223 		orr	r3, r3, r2, lsl #8
 370 01ee 43F38913 		sbfx	r3, r3, #6, #10
 371              	.LVL69:
 266:main.c        ****                OutArray[3] = (uint8_t)(Out_Y & 0xFF);
 372              		.loc 1 266 0
 373 01f2 8DF81330 		strb	r3, [sp, #19]
 267:main.c        ****                OutArray[4] = (uint8_t)(Out_Y >> 8);
 374              		.loc 1 267 0
 375 01f6 C3F30723 		ubfx	r3, r3, #8, #8
 376              	.LVL70:
 377 01fa 8DF81430 		strb	r3, [sp, #20]
 268:main.c        ****             
 269:main.c        ****                Out_Z = (int16)((Z_Data[0] | (Z_Data[1]<<8)))>>6;
 378              		.loc 1 269 0
 379 01fe 9DF80430 		ldrb	r3, [sp, #4]	@ zero_extendqisi2
 380 0202 9DF80520 		ldrb	r2, [sp, #5]	@ zero_extendqisi2
 381              	.LVL71:
 382 0206 43EA0223 		orr	r3, r3, r2, lsl #8
 383 020a 43F38913 		sbfx	r3, r3, #6, #10
 384              	.LVL72:
 270:main.c        ****                OutArray[5] = (uint8_t)(Out_Z & 0xFF);
 385              		.loc 1 270 0
 386 020e 8DF81530 		strb	r3, [sp, #21]
 271:main.c        ****                OutArray[6] = (uint8_t)(Out_Z >> 8);
 387              		.loc 1 271 0
 388 0212 C3F30723 		ubfx	r3, r3, #8, #8
 389              	.LVL73:
 390 0216 8DF81630 		strb	r3, [sp, #22]
 272:main.c        ****                //sprintf(message, "OUT_X: %d\r\n", Out_X);
 273:main.c        ****              //UART_Debug_PutString(message);
 274:main.c        ****                UART_Debug_PutArray(OutArray, 8);
 391              		.loc 1 274 0
 392 021a 0821     		movs	r1, #8
 393 021c 04A8     		add	r0, sp, #16
 394              	.LVL74:
 395 021e FFF7FEFF 		bl	UART_Debug_PutArray
 396              	.LVL75:
 397 0222 A8E7     		b	.L19
 398              	.L25:
 399              		.align	2
 400              	.L24:
 401 0224 00000000 		.word	.LC0
 402 0228 20000000 		.word	.LC1
 403 022c 48000000 		.word	.LC2
 404 0230 6C000000 		.word	.LC3
 405 0234 88000000 		.word	.LC4
 406 0238 C4000000 		.word	.LC5
 407 023c E4000000 		.word	.LC6
 408 0240 20010000 		.word	.LC7
ARM GAS  C:\Users\Simone\AppData\Local\Temp\cc0GX0Vw.s 			page 13


 409 0244 3C010000 		.word	.LC8
 410 0248 74010000 		.word	.LC9
 411 024c B0010000 		.word	.LC10
 412 0250 E8010000 		.word	.LC11
 413 0254 08020000 		.word	.LC12
 414 0258 44020000 		.word	.LC13
 415              		.cfi_endproc
 416              	.LFE64:
 417              		.size	main, .-main
 418              		.section	.rodata.str1.4,"aMS",%progbits,1
 419              		.align	2
 420              	.LC0:
 421 0000 44657669 		.ascii	"Device 0x%02X is connected\015\012\000"
 421      63652030 
 421      78253032 
 421      58206973 
 421      20636F6E 
 422 001d 000000   		.space	3
 423              	.LC1:
 424 0020 57484F20 		.ascii	"WHO AM I REG: 0x%02X [Expected: 0x33]\015\012\000"
 424      414D2049 
 424      20524547 
 424      3A203078 
 424      25303258 
 425              	.LC2:
 426 0048 4572726F 		.ascii	"Error occurred during I2C comm\015\012\000"
 426      72206F63 
 426      63757272 
 426      65642064 
 426      7572696E 
 427 0069 000000   		.space	3
 428              	.LC3:
 429 006c 53544154 		.ascii	"STATUS REGISTER: 0x%02X\015\012\000"
 429      55532052 
 429      45474953 
 429      5445523A 
 429      20307825 
 430 0086 0000     		.space	2
 431              	.LC4:
 432 0088 4572726F 		.ascii	"Error occurred during I2C comm to read status regis"
 432      72206F63 
 432      63757272 
 432      65642064 
 432      7572696E 
 433 00bb 7465720D 		.ascii	"ter\015\012\000"
 433      0A00
 434 00c1 000000   		.space	3
 435              	.LC5:
 436 00c4 434F4E54 		.ascii	"CONTROL REGISTER 1: 0x%02X\015\012\000"
 436      524F4C20 
 436      52454749 
 436      53544552 
 436      20313A20 
 437 00e1 000000   		.space	3
 438              	.LC6:
 439 00e4 4572726F 		.ascii	"Error occurred during I2C comm to read control regi"
 439      72206F63 
ARM GAS  C:\Users\Simone\AppData\Local\Temp\cc0GX0Vw.s 			page 14


 439      63757272 
 439      65642064 
 439      7572696E 
 440 0117 73746572 		.ascii	"ster 1\015\012\000"
 440      20310D0A 
 440      00
 441              	.LC7:
 442 0120 0D0A5772 		.ascii	"\015\012Writing new values..\015\012\000"
 442      6974696E 
 442      67206E65 
 442      77207661 
 442      6C756573 
 443 0139 000000   		.space	3
 444              	.LC8:
 445 013c 434F4E54 		.ascii	"CONTROL REGISTER 1 successfully written as: 0x%02X\015"
 445      524F4C20 
 445      52454749 
 445      53544552 
 445      20312073 
 446 016f 0A00     		.ascii	"\012\000"
 447 0171 000000   		.space	3
 448              	.LC9:
 449 0174 4572726F 		.ascii	"Error occurred during I2C comm to set control regis"
 449      72206F63 
 449      63757272 
 449      65642064 
 449      7572696E 
 450 01a7 74657220 		.ascii	"ter 1\015\012\000"
 450      310D0A00 
 451 01af 00       		.space	1
 452              	.LC10:
 453 01b0 434F4E54 		.ascii	"CONTROL REGISTER 1 after overwrite operation: 0x%02"
 453      524F4C20 
 453      52454749 
 453      53544552 
 453      20312061 
 454 01e3 580D0A00 		.ascii	"X\015\012\000"
 455 01e7 00       		.space	1
 456              	.LC11:
 457 01e8 434F4E54 		.ascii	"CONTROL REGISTER 4: 0x%02X\015\012\000"
 457      524F4C20 
 457      52454749 
 457      53544552 
 457      20343A20 
 458 0205 000000   		.space	3
 459              	.LC12:
 460 0208 4572726F 		.ascii	"Error occurred during I2C comm to read control regi"
 460      72206F63 
 460      63757272 
 460      65642064 
 460      7572696E 
 461 023b 73746572 		.ascii	"ster4\015\012\000"
 461      340D0A00 
 462 0243 00       		.space	1
 463              	.LC13:
 464 0244 434F4E54 		.ascii	"CONTROL REGISTER 4 after being updated: 0x%02X\015\012"
 464      524F4C20 
ARM GAS  C:\Users\Simone\AppData\Local\Temp\cc0GX0Vw.s 			page 15


 464      52454749 
 464      53544552 
 464      20342061 
 465 0274 00       		.ascii	"\000"
 466              		.text
 467              	.Letext0:
 468              		.file 2 "c:\\program files (x86)\\cypress\\psoc creator\\4.3\\psoc creator\\import\\gnu\\arm\\5.4.
 469              		.file 3 "c:\\program files (x86)\\cypress\\psoc creator\\4.3\\psoc creator\\import\\gnu\\arm\\5.4.
 470              		.file 4 "Generated_Source\\PSoC5/cytypes.h"
 471              		.file 5 "ErrorCodes.h"
 472              		.file 6 "I2C_Interface.h"
 473              		.file 7 "c:\\program files (x86)\\cypress\\psoc creator\\4.3\\psoc creator\\import\\gnu\\arm\\5.4.
 474              		.file 8 "Generated_Source\\PSoC5/UART_Debug.h"
 475              		.file 9 "Generated_Source\\PSoC5/CyLib.h"
 476              		.file 10 "Generated_Source\\PSoC5/core_cm3.h"
 477              		.section	.debug_info,"",%progbits
 478              	.Ldebug_info0:
 479 0000 F1060000 		.4byte	0x6f1
 480 0004 0400     		.2byte	0x4
 481 0006 00000000 		.4byte	.Ldebug_abbrev0
 482 000a 04       		.byte	0x4
 483 000b 01       		.uleb128 0x1
 484 000c C1000000 		.4byte	.LASF50
 485 0010 0C       		.byte	0xc
 486 0011 AD020000 		.4byte	.LASF51
 487 0015 DF010000 		.4byte	.LASF52
 488 0019 00000000 		.4byte	.Ldebug_ranges0+0
 489 001d 00000000 		.4byte	0
 490 0021 00000000 		.4byte	.Ldebug_line0
 491 0025 02       		.uleb128 0x2
 492 0026 01       		.byte	0x1
 493 0027 06       		.byte	0x6
 494 0028 08030000 		.4byte	.LASF0
 495 002c 03       		.uleb128 0x3
 496 002d 3A000000 		.4byte	.LASF2
 497 0031 02       		.byte	0x2
 498 0032 1D       		.byte	0x1d
 499 0033 37000000 		.4byte	0x37
 500 0037 02       		.uleb128 0x2
 501 0038 01       		.byte	0x1
 502 0039 08       		.byte	0x8
 503 003a B3000000 		.4byte	.LASF1
 504 003e 03       		.uleb128 0x3
 505 003f CB010000 		.4byte	.LASF3
 506 0043 02       		.byte	0x2
 507 0044 29       		.byte	0x29
 508 0045 49000000 		.4byte	0x49
 509 0049 02       		.uleb128 0x2
 510 004a 02       		.byte	0x2
 511 004b 05       		.byte	0x5
 512 004c D5020000 		.4byte	.LASF4
 513 0050 02       		.uleb128 0x2
 514 0051 02       		.byte	0x2
 515 0052 07       		.byte	0x7
 516 0053 67010000 		.4byte	.LASF5
 517 0057 03       		.uleb128 0x3
 518 0058 6C000000 		.4byte	.LASF6
ARM GAS  C:\Users\Simone\AppData\Local\Temp\cc0GX0Vw.s 			page 16


 519 005c 02       		.byte	0x2
 520 005d 3F       		.byte	0x3f
 521 005e 62000000 		.4byte	0x62
 522 0062 02       		.uleb128 0x2
 523 0063 04       		.byte	0x4
 524 0064 05       		.byte	0x5
 525 0065 76000000 		.4byte	.LASF7
 526 0069 02       		.uleb128 0x2
 527 006a 04       		.byte	0x4
 528 006b 07       		.byte	0x7
 529 006c 55010000 		.4byte	.LASF8
 530 0070 02       		.uleb128 0x2
 531 0071 08       		.byte	0x8
 532 0072 05       		.byte	0x5
 533 0073 8E020000 		.4byte	.LASF9
 534 0077 02       		.uleb128 0x2
 535 0078 08       		.byte	0x8
 536 0079 07       		.byte	0x7
 537 007a 33020000 		.4byte	.LASF10
 538 007e 04       		.uleb128 0x4
 539 007f 04       		.byte	0x4
 540 0080 05       		.byte	0x5
 541 0081 696E7400 		.ascii	"int\000"
 542 0085 02       		.uleb128 0x2
 543 0086 04       		.byte	0x4
 544 0087 07       		.byte	0x7
 545 0088 26020000 		.4byte	.LASF11
 546 008c 03       		.uleb128 0x3
 547 008d 4A020000 		.4byte	.LASF12
 548 0091 03       		.byte	0x3
 549 0092 18       		.byte	0x18
 550 0093 2C000000 		.4byte	0x2c
 551 0097 03       		.uleb128 0x3
 552 0098 52020000 		.4byte	.LASF13
 553 009c 03       		.byte	0x3
 554 009d 20       		.byte	0x20
 555 009e 3E000000 		.4byte	0x3e
 556 00a2 03       		.uleb128 0x3
 557 00a3 77020000 		.4byte	.LASF14
 558 00a7 03       		.byte	0x3
 559 00a8 2C       		.byte	0x2c
 560 00a9 57000000 		.4byte	0x57
 561 00ad 05       		.uleb128 0x5
 562 00ae 4F010000 		.4byte	.LASF15
 563 00b2 04       		.byte	0x4
 564 00b3 E801     		.2byte	0x1e8
 565 00b5 49000000 		.4byte	0x49
 566 00b9 02       		.uleb128 0x2
 567 00ba 04       		.byte	0x4
 568 00bb 04       		.byte	0x4
 569 00bc A4000000 		.4byte	.LASF16
 570 00c0 02       		.uleb128 0x2
 571 00c1 08       		.byte	0x8
 572 00c2 04       		.byte	0x4
 573 00c3 9D000000 		.4byte	.LASF17
 574 00c7 02       		.uleb128 0x2
 575 00c8 01       		.byte	0x1
ARM GAS  C:\Users\Simone\AppData\Local\Temp\cc0GX0Vw.s 			page 17


 576 00c9 08       		.byte	0x8
 577 00ca B4020000 		.4byte	.LASF18
 578 00ce 06       		.uleb128 0x6
 579 00cf 01       		.byte	0x1
 580 00d0 37000000 		.4byte	0x37
 581 00d4 05       		.byte	0x5
 582 00d5 15       		.byte	0x15
 583 00d6 E7000000 		.4byte	0xe7
 584 00da 07       		.uleb128 0x7
 585 00db E6020000 		.4byte	.LASF19
 586 00df 00       		.byte	0
 587 00e0 07       		.uleb128 0x7
 588 00e1 F6020000 		.4byte	.LASF20
 589 00e5 01       		.byte	0x1
 590 00e6 00       		.byte	0
 591 00e7 03       		.uleb128 0x3
 592 00e8 93000000 		.4byte	.LASF21
 593 00ec 05       		.byte	0x5
 594 00ed 18       		.byte	0x18
 595 00ee CE000000 		.4byte	0xce
 596 00f2 02       		.uleb128 0x2
 597 00f3 08       		.byte	0x8
 598 00f4 04       		.byte	0x4
 599 00f5 FC020000 		.4byte	.LASF22
 600 00f9 02       		.uleb128 0x2
 601 00fa 04       		.byte	0x4
 602 00fb 07       		.byte	0x7
 603 00fc 7F020000 		.4byte	.LASF23
 604 0100 08       		.uleb128 0x8
 605 0101 C6010000 		.4byte	.LASF53
 606 0105 01       		.byte	0x1
 607 0106 30       		.byte	0x30
 608 0107 7E000000 		.4byte	0x7e
 609 010b 00000000 		.4byte	.LFB64
 610 010f 5C020000 		.4byte	.LFE64-.LFB64
 611 0113 01       		.uleb128 0x1
 612 0114 9C       		.byte	0x9c
 613 0115 45060000 		.4byte	0x645
 614 0119 09       		.uleb128 0x9
 615 011a 00000000 		.4byte	.LASF24
 616 011e 01       		.byte	0x1
 617 011f 3B       		.byte	0x3b
 618 0120 45060000 		.4byte	0x645
 619 0124 02       		.uleb128 0x2
 620 0125 91       		.byte	0x91
 621 0126 44       		.sleb128 -60
 622 0127 09       		.uleb128 0x9
 623 0128 14030000 		.4byte	.LASF25
 624 012c 01       		.byte	0x1
 625 012d 4E       		.byte	0x4e
 626 012e 8C000000 		.4byte	0x8c
 627 0132 02       		.uleb128 0x2
 628 0133 91       		.byte	0x91
 629 0134 43       		.sleb128 -61
 630 0135 0A       		.uleb128 0xa
 631 0136 88020000 		.4byte	.LASF26
 632 013a 01       		.byte	0x1
ARM GAS  C:\Users\Simone\AppData\Local\Temp\cc0GX0Vw.s 			page 18


 633 013b 4F       		.byte	0x4f
 634 013c E7000000 		.4byte	0xe7
 635 0140 00000000 		.4byte	.LLST0
 636 0144 09       		.uleb128 0x9
 637 0145 67020000 		.4byte	.LASF27
 638 0149 01       		.byte	0x1
 639 014a 5E       		.byte	0x5e
 640 014b 8C000000 		.4byte	0x8c
 641 014f 02       		.uleb128 0x2
 642 0150 91       		.byte	0x91
 643 0151 42       		.sleb128 -62
 644 0152 09       		.uleb128 0x9
 645 0153 D5010000 		.4byte	.LASF28
 646 0157 01       		.byte	0x1
 647 0158 70       		.byte	0x70
 648 0159 8C000000 		.4byte	0x8c
 649 015d 02       		.uleb128 0x2
 650 015e 91       		.byte	0x91
 651 015f 41       		.sleb128 -63
 652 0160 09       		.uleb128 0x9
 653 0161 1C020000 		.4byte	.LASF29
 654 0165 01       		.byte	0x1
 655 0166 B1       		.byte	0xb1
 656 0167 8C000000 		.4byte	0x8c
 657 016b 02       		.uleb128 0x2
 658 016c 91       		.byte	0x91
 659 016d 40       		.sleb128 -64
 660 016e 0A       		.uleb128 0xa
 661 016f 08000000 		.4byte	.LASF30
 662 0173 01       		.byte	0x1
 663 0174 D7       		.byte	0xd7
 664 0175 97000000 		.4byte	0x97
 665 0179 B8000000 		.4byte	.LLST1
 666 017d 0A       		.uleb128 0xa
 667 017e 0E000000 		.4byte	.LASF31
 668 0182 01       		.byte	0x1
 669 0183 D8       		.byte	0xd8
 670 0184 97000000 		.4byte	0x97
 671 0188 0D010000 		.4byte	.LLST2
 672 018c 0A       		.uleb128 0xa
 673 018d 14000000 		.4byte	.LASF32
 674 0191 01       		.byte	0x1
 675 0192 D9       		.byte	0xd9
 676 0193 97000000 		.4byte	0x97
 677 0197 62010000 		.4byte	.LLST3
 678 019b 0B       		.uleb128 0xb
 679 019c EF020000 		.4byte	.LASF33
 680 01a0 01       		.byte	0x1
 681 01a1 DA       		.byte	0xda
 682 01a2 8C000000 		.4byte	0x8c
 683 01a6 A07F     		.sleb128 -96
 684 01a8 0B       		.uleb128 0xb
 685 01a9 7A010000 		.4byte	.LASF34
 686 01ad 01       		.byte	0x1
 687 01ae DB       		.byte	0xdb
 688 01af 8C000000 		.4byte	0x8c
 689 01b3 40       		.sleb128 -64
ARM GAS  C:\Users\Simone\AppData\Local\Temp\cc0GX0Vw.s 			page 19


 690 01b4 09       		.uleb128 0x9
 691 01b5 AA000000 		.4byte	.LASF35
 692 01b9 01       		.byte	0x1
 693 01ba DC       		.byte	0xdc
 694 01bb 55060000 		.4byte	0x655
 695 01bf 03       		.uleb128 0x3
 696 01c0 91       		.byte	0x91
 697 01c1 B87F     		.sleb128 -72
 698 01c3 09       		.uleb128 0x9
 699 01c4 65000000 		.4byte	.LASF36
 700 01c8 01       		.byte	0x1
 701 01c9 DD       		.byte	0xdd
 702 01ca 65060000 		.4byte	0x665
 703 01ce 03       		.uleb128 0x3
 704 01cf 91       		.byte	0x91
 705 01d0 B47F     		.sleb128 -76
 706 01d2 09       		.uleb128 0x9
 707 01d3 81010000 		.4byte	.LASF37
 708 01d7 01       		.byte	0x1
 709 01d8 DE       		.byte	0xde
 710 01d9 65060000 		.4byte	0x665
 711 01dd 03       		.uleb128 0x3
 712 01de 91       		.byte	0x91
 713 01df B07F     		.sleb128 -80
 714 01e1 09       		.uleb128 0x9
 715 01e2 DF020000 		.4byte	.LASF38
 716 01e6 01       		.byte	0x1
 717 01e7 DF       		.byte	0xdf
 718 01e8 65060000 		.4byte	0x665
 719 01ec 03       		.uleb128 0x3
 720 01ed 91       		.byte	0x91
 721 01ee AC7F     		.sleb128 -84
 722 01f0 09       		.uleb128 0x9
 723 01f1 1A000000 		.4byte	.LASF39
 724 01f5 01       		.byte	0x1
 725 01f6 E0       		.byte	0xe0
 726 01f7 8C000000 		.4byte	0x8c
 727 01fb 03       		.uleb128 0x3
 728 01fc 91       		.byte	0x91
 729 01fd AB7F     		.sleb128 -85
 730 01ff 0C       		.uleb128 0xc
 731 0200 14000000 		.4byte	.LBB2
 732 0204 22000000 		.4byte	.LBE2-.LBB2
 733 0208 61020000 		.4byte	0x261
 734 020c 0D       		.uleb128 0xd
 735 020d 6900     		.ascii	"i\000"
 736 020f 01       		.byte	0x1
 737 0210 3E       		.byte	0x3e
 738 0211 7E000000 		.4byte	0x7e
 739 0215 93010000 		.4byte	.LLST4
 740 0219 0E       		.uleb128 0xe
 741 021a 1E000000 		.4byte	.LVL4
 742 021e 86060000 		.4byte	0x686
 743 0222 2D020000 		.4byte	0x22d
 744 0226 0F       		.uleb128 0xf
 745 0227 01       		.uleb128 0x1
 746 0228 50       		.byte	0x50
ARM GAS  C:\Users\Simone\AppData\Local\Temp\cc0GX0Vw.s 			page 20


 747 0229 02       		.uleb128 0x2
 748 022a 74       		.byte	0x74
 749 022b 00       		.sleb128 0
 750 022c 00       		.byte	0
 751 022d 0E       		.uleb128 0xe
 752 022e 2A000000 		.4byte	.LVL5
 753 0232 91060000 		.4byte	0x691
 754 0236 50020000 		.4byte	0x250
 755 023a 0F       		.uleb128 0xf
 756 023b 01       		.uleb128 0x1
 757 023c 50       		.byte	0x50
 758 023d 02       		.uleb128 0x2
 759 023e 91       		.byte	0x91
 760 023f 44       		.sleb128 -60
 761 0240 0F       		.uleb128 0xf
 762 0241 01       		.uleb128 0x1
 763 0242 51       		.byte	0x51
 764 0243 05       		.uleb128 0x5
 765 0244 03       		.byte	0x3
 766 0245 00000000 		.4byte	.LC0
 767 0249 0F       		.uleb128 0xf
 768 024a 01       		.uleb128 0x1
 769 024b 52       		.byte	0x52
 770 024c 02       		.uleb128 0x2
 771 024d 74       		.byte	0x74
 772 024e 00       		.sleb128 0
 773 024f 00       		.byte	0
 774 0250 10       		.uleb128 0x10
 775 0251 30000000 		.4byte	.LVL6
 776 0255 9C060000 		.4byte	0x69c
 777 0259 0F       		.uleb128 0xf
 778 025a 01       		.uleb128 0x1
 779 025b 50       		.byte	0x50
 780 025c 02       		.uleb128 0x2
 781 025d 91       		.byte	0x91
 782 025e 44       		.sleb128 -60
 783 025f 00       		.byte	0
 784 0260 00       		.byte	0
 785 0261 11       		.uleb128 0x11
 786 0262 0A000000 		.4byte	.LVL0
 787 0266 A7060000 		.4byte	0x6a7
 788 026a 11       		.uleb128 0x11
 789 026b 0E000000 		.4byte	.LVL1
 790 026f B2060000 		.4byte	0x6b2
 791 0273 0E       		.uleb128 0xe
 792 0274 14000000 		.4byte	.LVL2
 793 0278 BD060000 		.4byte	0x6bd
 794 027c 86020000 		.4byte	0x286
 795 0280 0F       		.uleb128 0xf
 796 0281 01       		.uleb128 0x1
 797 0282 50       		.byte	0x50
 798 0283 01       		.uleb128 0x1
 799 0284 35       		.byte	0x35
 800 0285 00       		.byte	0
 801 0286 0E       		.uleb128 0xe
 802 0287 42000000 		.4byte	.LVL8
 803 028b C8060000 		.4byte	0x6c8
ARM GAS  C:\Users\Simone\AppData\Local\Temp\cc0GX0Vw.s 			page 21


 804 028f A4020000 		.4byte	0x2a4
 805 0293 0F       		.uleb128 0xf
 806 0294 01       		.uleb128 0x1
 807 0295 50       		.byte	0x50
 808 0296 01       		.uleb128 0x1
 809 0297 48       		.byte	0x48
 810 0298 0F       		.uleb128 0xf
 811 0299 01       		.uleb128 0x1
 812 029a 51       		.byte	0x51
 813 029b 01       		.uleb128 0x1
 814 029c 3F       		.byte	0x3f
 815 029d 0F       		.uleb128 0xf
 816 029e 01       		.uleb128 0x1
 817 029f 52       		.byte	0x52
 818 02a0 02       		.uleb128 0x2
 819 02a1 91       		.byte	0x91
 820 02a2 43       		.sleb128 -61
 821 02a3 00       		.byte	0
 822 02a4 0E       		.uleb128 0xe
 823 02a5 50000000 		.4byte	.LVL10
 824 02a9 91060000 		.4byte	0x691
 825 02ad C1020000 		.4byte	0x2c1
 826 02b1 0F       		.uleb128 0xf
 827 02b2 01       		.uleb128 0x1
 828 02b3 50       		.byte	0x50
 829 02b4 02       		.uleb128 0x2
 830 02b5 91       		.byte	0x91
 831 02b6 44       		.sleb128 -60
 832 02b7 0F       		.uleb128 0xf
 833 02b8 01       		.uleb128 0x1
 834 02b9 51       		.byte	0x51
 835 02ba 05       		.uleb128 0x5
 836 02bb 03       		.byte	0x3
 837 02bc 20000000 		.4byte	.LC1
 838 02c0 00       		.byte	0
 839 02c1 0E       		.uleb128 0xe
 840 02c2 56000000 		.4byte	.LVL11
 841 02c6 9C060000 		.4byte	0x69c
 842 02ca D5020000 		.4byte	0x2d5
 843 02ce 0F       		.uleb128 0xf
 844 02cf 01       		.uleb128 0x1
 845 02d0 50       		.byte	0x50
 846 02d1 02       		.uleb128 0x2
 847 02d2 91       		.byte	0x91
 848 02d3 44       		.sleb128 -60
 849 02d4 00       		.byte	0
 850 02d5 0E       		.uleb128 0xe
 851 02d6 5E000000 		.4byte	.LVL14
 852 02da 9C060000 		.4byte	0x69c
 853 02de EC020000 		.4byte	0x2ec
 854 02e2 0F       		.uleb128 0xf
 855 02e3 01       		.uleb128 0x1
 856 02e4 50       		.byte	0x50
 857 02e5 05       		.uleb128 0x5
 858 02e6 03       		.byte	0x3
 859 02e7 48000000 		.4byte	.LC2
 860 02eb 00       		.byte	0
ARM GAS  C:\Users\Simone\AppData\Local\Temp\cc0GX0Vw.s 			page 22


 861 02ec 0E       		.uleb128 0xe
 862 02ed 6A000000 		.4byte	.LVL15
 863 02f1 C8060000 		.4byte	0x6c8
 864 02f5 0B030000 		.4byte	0x30b
 865 02f9 0F       		.uleb128 0xf
 866 02fa 01       		.uleb128 0x1
 867 02fb 50       		.byte	0x50
 868 02fc 01       		.uleb128 0x1
 869 02fd 48       		.byte	0x48
 870 02fe 0F       		.uleb128 0xf
 871 02ff 01       		.uleb128 0x1
 872 0300 51       		.byte	0x51
 873 0301 02       		.uleb128 0x2
 874 0302 08       		.byte	0x8
 875 0303 27       		.byte	0x27
 876 0304 0F       		.uleb128 0xf
 877 0305 01       		.uleb128 0x1
 878 0306 52       		.byte	0x52
 879 0307 02       		.uleb128 0x2
 880 0308 91       		.byte	0x91
 881 0309 42       		.sleb128 -62
 882 030a 00       		.byte	0
 883 030b 0E       		.uleb128 0xe
 884 030c 78000000 		.4byte	.LVL17
 885 0310 91060000 		.4byte	0x691
 886 0314 28030000 		.4byte	0x328
 887 0318 0F       		.uleb128 0xf
 888 0319 01       		.uleb128 0x1
 889 031a 50       		.byte	0x50
 890 031b 02       		.uleb128 0x2
 891 031c 91       		.byte	0x91
 892 031d 44       		.sleb128 -60
 893 031e 0F       		.uleb128 0xf
 894 031f 01       		.uleb128 0x1
 895 0320 51       		.byte	0x51
 896 0321 05       		.uleb128 0x5
 897 0322 03       		.byte	0x3
 898 0323 6C000000 		.4byte	.LC3
 899 0327 00       		.byte	0
 900 0328 0E       		.uleb128 0xe
 901 0329 7E000000 		.4byte	.LVL18
 902 032d 9C060000 		.4byte	0x69c
 903 0331 3C030000 		.4byte	0x33c
 904 0335 0F       		.uleb128 0xf
 905 0336 01       		.uleb128 0x1
 906 0337 50       		.byte	0x50
 907 0338 02       		.uleb128 0x2
 908 0339 91       		.byte	0x91
 909 033a 44       		.sleb128 -60
 910 033b 00       		.byte	0
 911 033c 0E       		.uleb128 0xe
 912 033d 86000000 		.4byte	.LVL21
 913 0341 9C060000 		.4byte	0x69c
 914 0345 53030000 		.4byte	0x353
 915 0349 0F       		.uleb128 0xf
 916 034a 01       		.uleb128 0x1
 917 034b 50       		.byte	0x50
ARM GAS  C:\Users\Simone\AppData\Local\Temp\cc0GX0Vw.s 			page 23


 918 034c 05       		.uleb128 0x5
 919 034d 03       		.byte	0x3
 920 034e 88000000 		.4byte	.LC4
 921 0352 00       		.byte	0
 922 0353 0E       		.uleb128 0xe
 923 0354 92000000 		.4byte	.LVL22
 924 0358 C8060000 		.4byte	0x6c8
 925 035c 72030000 		.4byte	0x372
 926 0360 0F       		.uleb128 0xf
 927 0361 01       		.uleb128 0x1
 928 0362 50       		.byte	0x50
 929 0363 01       		.uleb128 0x1
 930 0364 48       		.byte	0x48
 931 0365 0F       		.uleb128 0xf
 932 0366 01       		.uleb128 0x1
 933 0367 51       		.byte	0x51
 934 0368 02       		.uleb128 0x2
 935 0369 08       		.byte	0x8
 936 036a 20       		.byte	0x20
 937 036b 0F       		.uleb128 0xf
 938 036c 01       		.uleb128 0x1
 939 036d 52       		.byte	0x52
 940 036e 02       		.uleb128 0x2
 941 036f 91       		.byte	0x91
 942 0370 41       		.sleb128 -63
 943 0371 00       		.byte	0
 944 0372 0E       		.uleb128 0xe
 945 0373 A0000000 		.4byte	.LVL24
 946 0377 91060000 		.4byte	0x691
 947 037b 8F030000 		.4byte	0x38f
 948 037f 0F       		.uleb128 0xf
 949 0380 01       		.uleb128 0x1
 950 0381 50       		.byte	0x50
 951 0382 02       		.uleb128 0x2
 952 0383 91       		.byte	0x91
 953 0384 44       		.sleb128 -60
 954 0385 0F       		.uleb128 0xf
 955 0386 01       		.uleb128 0x1
 956 0387 51       		.byte	0x51
 957 0388 05       		.uleb128 0x5
 958 0389 03       		.byte	0x3
 959 038a C4000000 		.4byte	.LC5
 960 038e 00       		.byte	0
 961 038f 0E       		.uleb128 0xe
 962 0390 A6000000 		.4byte	.LVL25
 963 0394 9C060000 		.4byte	0x69c
 964 0398 A3030000 		.4byte	0x3a3
 965 039c 0F       		.uleb128 0xf
 966 039d 01       		.uleb128 0x1
 967 039e 50       		.byte	0x50
 968 039f 02       		.uleb128 0x2
 969 03a0 91       		.byte	0x91
 970 03a1 44       		.sleb128 -60
 971 03a2 00       		.byte	0
 972 03a3 0E       		.uleb128 0xe
 973 03a4 AE000000 		.4byte	.LVL28
 974 03a8 9C060000 		.4byte	0x69c
ARM GAS  C:\Users\Simone\AppData\Local\Temp\cc0GX0Vw.s 			page 24


 975 03ac BA030000 		.4byte	0x3ba
 976 03b0 0F       		.uleb128 0xf
 977 03b1 01       		.uleb128 0x1
 978 03b2 50       		.byte	0x50
 979 03b3 05       		.uleb128 0x5
 980 03b4 03       		.byte	0x3
 981 03b5 E4000000 		.4byte	.LC6
 982 03b9 00       		.byte	0
 983 03ba 0E       		.uleb128 0xe
 984 03bb B4000000 		.4byte	.LVL29
 985 03bf 9C060000 		.4byte	0x69c
 986 03c3 D1030000 		.4byte	0x3d1
 987 03c7 0F       		.uleb128 0xf
 988 03c8 01       		.uleb128 0x1
 989 03c9 50       		.byte	0x50
 990 03ca 05       		.uleb128 0x5
 991 03cb 03       		.byte	0x3
 992 03cc 20010000 		.4byte	.LC7
 993 03d0 00       		.byte	0
 994 03d1 0E       		.uleb128 0xe
 995 03d2 CA000000 		.4byte	.LVL30
 996 03d6 D3060000 		.4byte	0x6d3
 997 03da F0030000 		.4byte	0x3f0
 998 03de 0F       		.uleb128 0xf
 999 03df 01       		.uleb128 0x1
 1000 03e0 50       		.byte	0x50
 1001 03e1 01       		.uleb128 0x1
 1002 03e2 48       		.byte	0x48
 1003 03e3 0F       		.uleb128 0xf
 1004 03e4 01       		.uleb128 0x1
 1005 03e5 51       		.byte	0x51
 1006 03e6 02       		.uleb128 0x2
 1007 03e7 08       		.byte	0x8
 1008 03e8 20       		.byte	0x20
 1009 03e9 0F       		.uleb128 0xf
 1010 03ea 01       		.uleb128 0x1
 1011 03eb 52       		.byte	0x52
 1012 03ec 02       		.uleb128 0x2
 1013 03ed 08       		.byte	0x8
 1014 03ee 57       		.byte	0x57
 1015 03ef 00       		.byte	0
 1016 03f0 0E       		.uleb128 0xe
 1017 03f1 D8000000 		.4byte	.LVL32
 1018 03f5 91060000 		.4byte	0x691
 1019 03f9 0D040000 		.4byte	0x40d
 1020 03fd 0F       		.uleb128 0xf
 1021 03fe 01       		.uleb128 0x1
 1022 03ff 50       		.byte	0x50
 1023 0400 02       		.uleb128 0x2
 1024 0401 91       		.byte	0x91
 1025 0402 44       		.sleb128 -60
 1026 0403 0F       		.uleb128 0xf
 1027 0404 01       		.uleb128 0x1
 1028 0405 51       		.byte	0x51
 1029 0406 05       		.uleb128 0x5
 1030 0407 03       		.byte	0x3
 1031 0408 3C010000 		.4byte	.LC8
ARM GAS  C:\Users\Simone\AppData\Local\Temp\cc0GX0Vw.s 			page 25


 1032 040c 00       		.byte	0
 1033 040d 0E       		.uleb128 0xe
 1034 040e DE000000 		.4byte	.LVL33
 1035 0412 9C060000 		.4byte	0x69c
 1036 0416 21040000 		.4byte	0x421
 1037 041a 0F       		.uleb128 0xf
 1038 041b 01       		.uleb128 0x1
 1039 041c 50       		.byte	0x50
 1040 041d 02       		.uleb128 0x2
 1041 041e 91       		.byte	0x91
 1042 041f 44       		.sleb128 -60
 1043 0420 00       		.byte	0
 1044 0421 0E       		.uleb128 0xe
 1045 0422 E6000000 		.4byte	.LVL36
 1046 0426 9C060000 		.4byte	0x69c
 1047 042a 38040000 		.4byte	0x438
 1048 042e 0F       		.uleb128 0xf
 1049 042f 01       		.uleb128 0x1
 1050 0430 50       		.byte	0x50
 1051 0431 05       		.uleb128 0x5
 1052 0432 03       		.byte	0x3
 1053 0433 74010000 		.4byte	.LC9
 1054 0437 00       		.byte	0
 1055 0438 0E       		.uleb128 0xe
 1056 0439 F2000000 		.4byte	.LVL37
 1057 043d C8060000 		.4byte	0x6c8
 1058 0441 57040000 		.4byte	0x457
 1059 0445 0F       		.uleb128 0xf
 1060 0446 01       		.uleb128 0x1
 1061 0447 50       		.byte	0x50
 1062 0448 01       		.uleb128 0x1
 1063 0449 48       		.byte	0x48
 1064 044a 0F       		.uleb128 0xf
 1065 044b 01       		.uleb128 0x1
 1066 044c 51       		.byte	0x51
 1067 044d 02       		.uleb128 0x2
 1068 044e 08       		.byte	0x8
 1069 044f 20       		.byte	0x20
 1070 0450 0F       		.uleb128 0xf
 1071 0451 01       		.uleb128 0x1
 1072 0452 52       		.byte	0x52
 1073 0453 02       		.uleb128 0x2
 1074 0454 91       		.byte	0x91
 1075 0455 41       		.sleb128 -63
 1076 0456 00       		.byte	0
 1077 0457 0E       		.uleb128 0xe
 1078 0458 00010000 		.4byte	.LVL39
 1079 045c 91060000 		.4byte	0x691
 1080 0460 74040000 		.4byte	0x474
 1081 0464 0F       		.uleb128 0xf
 1082 0465 01       		.uleb128 0x1
 1083 0466 50       		.byte	0x50
 1084 0467 02       		.uleb128 0x2
 1085 0468 91       		.byte	0x91
 1086 0469 44       		.sleb128 -60
 1087 046a 0F       		.uleb128 0xf
 1088 046b 01       		.uleb128 0x1
ARM GAS  C:\Users\Simone\AppData\Local\Temp\cc0GX0Vw.s 			page 26


 1089 046c 51       		.byte	0x51
 1090 046d 05       		.uleb128 0x5
 1091 046e 03       		.byte	0x3
 1092 046f B0010000 		.4byte	.LC10
 1093 0473 00       		.byte	0
 1094 0474 0E       		.uleb128 0xe
 1095 0475 06010000 		.4byte	.LVL40
 1096 0479 9C060000 		.4byte	0x69c
 1097 047d 88040000 		.4byte	0x488
 1098 0481 0F       		.uleb128 0xf
 1099 0482 01       		.uleb128 0x1
 1100 0483 50       		.byte	0x50
 1101 0484 02       		.uleb128 0x2
 1102 0485 91       		.byte	0x91
 1103 0486 44       		.sleb128 -60
 1104 0487 00       		.byte	0
 1105 0488 0E       		.uleb128 0xe
 1106 0489 0E010000 		.4byte	.LVL43
 1107 048d 9C060000 		.4byte	0x69c
 1108 0491 9F040000 		.4byte	0x49f
 1109 0495 0F       		.uleb128 0xf
 1110 0496 01       		.uleb128 0x1
 1111 0497 50       		.byte	0x50
 1112 0498 05       		.uleb128 0x5
 1113 0499 03       		.byte	0x3
 1114 049a E4000000 		.4byte	.LC6
 1115 049e 00       		.byte	0
 1116 049f 0E       		.uleb128 0xe
 1117 04a0 18010000 		.4byte	.LVL44
 1118 04a4 C8060000 		.4byte	0x6c8
 1119 04a8 BE040000 		.4byte	0x4be
 1120 04ac 0F       		.uleb128 0xf
 1121 04ad 01       		.uleb128 0x1
 1122 04ae 50       		.byte	0x50
 1123 04af 01       		.uleb128 0x1
 1124 04b0 48       		.byte	0x48
 1125 04b1 0F       		.uleb128 0xf
 1126 04b2 01       		.uleb128 0x1
 1127 04b3 51       		.byte	0x51
 1128 04b4 02       		.uleb128 0x2
 1129 04b5 08       		.byte	0x8
 1130 04b6 23       		.byte	0x23
 1131 04b7 0F       		.uleb128 0xf
 1132 04b8 01       		.uleb128 0x1
 1133 04b9 52       		.byte	0x52
 1134 04ba 02       		.uleb128 0x2
 1135 04bb 91       		.byte	0x91
 1136 04bc 40       		.sleb128 -64
 1137 04bd 00       		.byte	0
 1138 04be 0E       		.uleb128 0xe
 1139 04bf 26010000 		.4byte	.LVL46
 1140 04c3 91060000 		.4byte	0x691
 1141 04c7 DB040000 		.4byte	0x4db
 1142 04cb 0F       		.uleb128 0xf
 1143 04cc 01       		.uleb128 0x1
 1144 04cd 50       		.byte	0x50
 1145 04ce 02       		.uleb128 0x2
ARM GAS  C:\Users\Simone\AppData\Local\Temp\cc0GX0Vw.s 			page 27


 1146 04cf 91       		.byte	0x91
 1147 04d0 44       		.sleb128 -60
 1148 04d1 0F       		.uleb128 0xf
 1149 04d2 01       		.uleb128 0x1
 1150 04d3 51       		.byte	0x51
 1151 04d4 05       		.uleb128 0x5
 1152 04d5 03       		.byte	0x3
 1153 04d6 E8010000 		.4byte	.LC11
 1154 04da 00       		.byte	0
 1155 04db 0E       		.uleb128 0xe
 1156 04dc 2C010000 		.4byte	.LVL47
 1157 04e0 9C060000 		.4byte	0x69c
 1158 04e4 EF040000 		.4byte	0x4ef
 1159 04e8 0F       		.uleb128 0xf
 1160 04e9 01       		.uleb128 0x1
 1161 04ea 50       		.byte	0x50
 1162 04eb 02       		.uleb128 0x2
 1163 04ec 91       		.byte	0x91
 1164 04ed 44       		.sleb128 -60
 1165 04ee 00       		.byte	0
 1166 04ef 0E       		.uleb128 0xe
 1167 04f0 34010000 		.4byte	.LVL50
 1168 04f4 9C060000 		.4byte	0x69c
 1169 04f8 06050000 		.4byte	0x506
 1170 04fc 0F       		.uleb128 0xf
 1171 04fd 01       		.uleb128 0x1
 1172 04fe 50       		.byte	0x50
 1173 04ff 05       		.uleb128 0x5
 1174 0500 03       		.byte	0x3
 1175 0501 08020000 		.4byte	.LC12
 1176 0505 00       		.byte	0
 1177 0506 0E       		.uleb128 0xe
 1178 0507 44010000 		.4byte	.LVL52
 1179 050b D3060000 		.4byte	0x6d3
 1180 050f 25050000 		.4byte	0x525
 1181 0513 0F       		.uleb128 0xf
 1182 0514 01       		.uleb128 0x1
 1183 0515 50       		.byte	0x50
 1184 0516 01       		.uleb128 0x1
 1185 0517 48       		.byte	0x48
 1186 0518 0F       		.uleb128 0xf
 1187 0519 01       		.uleb128 0x1
 1188 051a 51       		.byte	0x51
 1189 051b 02       		.uleb128 0x2
 1190 051c 08       		.byte	0x8
 1191 051d 23       		.byte	0x23
 1192 051e 0F       		.uleb128 0xf
 1193 051f 01       		.uleb128 0x1
 1194 0520 52       		.byte	0x52
 1195 0521 02       		.uleb128 0x2
 1196 0522 09       		.byte	0x9
 1197 0523 80       		.byte	0x80
 1198 0524 00       		.byte	0
 1199 0525 0E       		.uleb128 0xe
 1200 0526 4E010000 		.4byte	.LVL53
 1201 052a C8060000 		.4byte	0x6c8
 1202 052e 44050000 		.4byte	0x544
ARM GAS  C:\Users\Simone\AppData\Local\Temp\cc0GX0Vw.s 			page 28


 1203 0532 0F       		.uleb128 0xf
 1204 0533 01       		.uleb128 0x1
 1205 0534 50       		.byte	0x50
 1206 0535 01       		.uleb128 0x1
 1207 0536 48       		.byte	0x48
 1208 0537 0F       		.uleb128 0xf
 1209 0538 01       		.uleb128 0x1
 1210 0539 51       		.byte	0x51
 1211 053a 02       		.uleb128 0x2
 1212 053b 08       		.byte	0x8
 1213 053c 23       		.byte	0x23
 1214 053d 0F       		.uleb128 0xf
 1215 053e 01       		.uleb128 0x1
 1216 053f 52       		.byte	0x52
 1217 0540 02       		.uleb128 0x2
 1218 0541 74       		.byte	0x74
 1219 0542 00       		.sleb128 0
 1220 0543 00       		.byte	0
 1221 0544 0E       		.uleb128 0xe
 1222 0545 5C010000 		.4byte	.LVL55
 1223 0549 91060000 		.4byte	0x691
 1224 054d 61050000 		.4byte	0x561
 1225 0551 0F       		.uleb128 0xf
 1226 0552 01       		.uleb128 0x1
 1227 0553 50       		.byte	0x50
 1228 0554 02       		.uleb128 0x2
 1229 0555 91       		.byte	0x91
 1230 0556 44       		.sleb128 -60
 1231 0557 0F       		.uleb128 0xf
 1232 0558 01       		.uleb128 0x1
 1233 0559 51       		.byte	0x51
 1234 055a 05       		.uleb128 0x5
 1235 055b 03       		.byte	0x3
 1236 055c 44020000 		.4byte	.LC13
 1237 0560 00       		.byte	0
 1238 0561 0E       		.uleb128 0xe
 1239 0562 62010000 		.4byte	.LVL56
 1240 0566 9C060000 		.4byte	0x69c
 1241 056a 75050000 		.4byte	0x575
 1242 056e 0F       		.uleb128 0xf
 1243 056f 01       		.uleb128 0x1
 1244 0570 50       		.byte	0x50
 1245 0571 02       		.uleb128 0x2
 1246 0572 91       		.byte	0x91
 1247 0573 44       		.sleb128 -60
 1248 0574 00       		.byte	0
 1249 0575 0E       		.uleb128 0xe
 1250 0576 6A010000 		.4byte	.LVL59
 1251 057a 9C060000 		.4byte	0x69c
 1252 057e 8C050000 		.4byte	0x58c
 1253 0582 0F       		.uleb128 0xf
 1254 0583 01       		.uleb128 0x1
 1255 0584 50       		.byte	0x50
 1256 0585 05       		.uleb128 0x5
 1257 0586 03       		.byte	0x3
 1258 0587 08020000 		.4byte	.LC12
 1259 058b 00       		.byte	0
ARM GAS  C:\Users\Simone\AppData\Local\Temp\cc0GX0Vw.s 			page 29


 1260 058c 0E       		.uleb128 0xe
 1261 058d 7C010000 		.4byte	.LVL60
 1262 0591 BD060000 		.4byte	0x6bd
 1263 0595 9F050000 		.4byte	0x59f
 1264 0599 0F       		.uleb128 0xf
 1265 059a 01       		.uleb128 0x1
 1266 059b 50       		.byte	0x50
 1267 059c 01       		.uleb128 0x1
 1268 059d 35       		.byte	0x35
 1269 059e 00       		.byte	0
 1270 059f 0E       		.uleb128 0xe
 1271 05a0 88010000 		.4byte	.LVL61
 1272 05a4 C8060000 		.4byte	0x6c8
 1273 05a8 BF050000 		.4byte	0x5bf
 1274 05ac 0F       		.uleb128 0xf
 1275 05ad 01       		.uleb128 0x1
 1276 05ae 50       		.byte	0x50
 1277 05af 01       		.uleb128 0x1
 1278 05b0 48       		.byte	0x48
 1279 05b1 0F       		.uleb128 0xf
 1280 05b2 01       		.uleb128 0x1
 1281 05b3 51       		.byte	0x51
 1282 05b4 02       		.uleb128 0x2
 1283 05b5 08       		.byte	0x8
 1284 05b6 27       		.byte	0x27
 1285 05b7 0F       		.uleb128 0xf
 1286 05b8 01       		.uleb128 0x1
 1287 05b9 52       		.byte	0x52
 1288 05ba 03       		.uleb128 0x3
 1289 05bb 91       		.byte	0x91
 1290 05bc AB7F     		.sleb128 -85
 1291 05be 00       		.byte	0
 1292 05bf 0E       		.uleb128 0xe
 1293 05c0 AA010000 		.4byte	.LVL63
 1294 05c4 DE060000 		.4byte	0x6de
 1295 05c8 E4050000 		.4byte	0x5e4
 1296 05cc 0F       		.uleb128 0xf
 1297 05cd 01       		.uleb128 0x1
 1298 05ce 50       		.byte	0x50
 1299 05cf 01       		.uleb128 0x1
 1300 05d0 48       		.byte	0x48
 1301 05d1 0F       		.uleb128 0xf
 1302 05d2 01       		.uleb128 0x1
 1303 05d3 51       		.byte	0x51
 1304 05d4 02       		.uleb128 0x2
 1305 05d5 08       		.byte	0x8
 1306 05d6 28       		.byte	0x28
 1307 05d7 0F       		.uleb128 0xf
 1308 05d8 01       		.uleb128 0x1
 1309 05d9 52       		.byte	0x52
 1310 05da 01       		.uleb128 0x1
 1311 05db 32       		.byte	0x32
 1312 05dc 0F       		.uleb128 0xf
 1313 05dd 01       		.uleb128 0x1
 1314 05de 53       		.byte	0x53
 1315 05df 03       		.uleb128 0x3
 1316 05e0 91       		.byte	0x91
ARM GAS  C:\Users\Simone\AppData\Local\Temp\cc0GX0Vw.s 			page 30


 1317 05e1 B47F     		.sleb128 -76
 1318 05e3 00       		.byte	0
 1319 05e4 0E       		.uleb128 0xe
 1320 05e5 B6010000 		.4byte	.LVL64
 1321 05e9 DE060000 		.4byte	0x6de
 1322 05ed 09060000 		.4byte	0x609
 1323 05f1 0F       		.uleb128 0xf
 1324 05f2 01       		.uleb128 0x1
 1325 05f3 50       		.byte	0x50
 1326 05f4 01       		.uleb128 0x1
 1327 05f5 48       		.byte	0x48
 1328 05f6 0F       		.uleb128 0xf
 1329 05f7 01       		.uleb128 0x1
 1330 05f8 51       		.byte	0x51
 1331 05f9 02       		.uleb128 0x2
 1332 05fa 08       		.byte	0x8
 1333 05fb 2A       		.byte	0x2a
 1334 05fc 0F       		.uleb128 0xf
 1335 05fd 01       		.uleb128 0x1
 1336 05fe 52       		.byte	0x52
 1337 05ff 01       		.uleb128 0x1
 1338 0600 32       		.byte	0x32
 1339 0601 0F       		.uleb128 0xf
 1340 0602 01       		.uleb128 0x1
 1341 0603 53       		.byte	0x53
 1342 0604 03       		.uleb128 0x3
 1343 0605 91       		.byte	0x91
 1344 0606 B07F     		.sleb128 -80
 1345 0608 00       		.byte	0
 1346 0609 0E       		.uleb128 0xe
 1347 060a C2010000 		.4byte	.LVL65
 1348 060e DE060000 		.4byte	0x6de
 1349 0612 2E060000 		.4byte	0x62e
 1350 0616 0F       		.uleb128 0xf
 1351 0617 01       		.uleb128 0x1
 1352 0618 50       		.byte	0x50
 1353 0619 01       		.uleb128 0x1
 1354 061a 48       		.byte	0x48
 1355 061b 0F       		.uleb128 0xf
 1356 061c 01       		.uleb128 0x1
 1357 061d 51       		.byte	0x51
 1358 061e 02       		.uleb128 0x2
 1359 061f 08       		.byte	0x8
 1360 0620 2C       		.byte	0x2c
 1361 0621 0F       		.uleb128 0xf
 1362 0622 01       		.uleb128 0x1
 1363 0623 52       		.byte	0x52
 1364 0624 01       		.uleb128 0x1
 1365 0625 32       		.byte	0x32
 1366 0626 0F       		.uleb128 0xf
 1367 0627 01       		.uleb128 0x1
 1368 0628 53       		.byte	0x53
 1369 0629 03       		.uleb128 0x3
 1370 062a 91       		.byte	0x91
 1371 062b AC7F     		.sleb128 -84
 1372 062d 00       		.byte	0
 1373 062e 10       		.uleb128 0x10
ARM GAS  C:\Users\Simone\AppData\Local\Temp\cc0GX0Vw.s 			page 31


 1374 062f 22020000 		.4byte	.LVL75
 1375 0633 E9060000 		.4byte	0x6e9
 1376 0637 0F       		.uleb128 0xf
 1377 0638 01       		.uleb128 0x1
 1378 0639 50       		.byte	0x50
 1379 063a 03       		.uleb128 0x3
 1380 063b 91       		.byte	0x91
 1381 063c B87F     		.sleb128 -72
 1382 063e 0F       		.uleb128 0xf
 1383 063f 01       		.uleb128 0x1
 1384 0640 51       		.byte	0x51
 1385 0641 01       		.uleb128 0x1
 1386 0642 38       		.byte	0x38
 1387 0643 00       		.byte	0
 1388 0644 00       		.byte	0
 1389 0645 12       		.uleb128 0x12
 1390 0646 C7000000 		.4byte	0xc7
 1391 064a 55060000 		.4byte	0x655
 1392 064e 13       		.uleb128 0x13
 1393 064f F9000000 		.4byte	0xf9
 1394 0653 31       		.byte	0x31
 1395 0654 00       		.byte	0
 1396 0655 12       		.uleb128 0x12
 1397 0656 8C000000 		.4byte	0x8c
 1398 065a 65060000 		.4byte	0x665
 1399 065e 13       		.uleb128 0x13
 1400 065f F9000000 		.4byte	0xf9
 1401 0663 07       		.byte	0x7
 1402 0664 00       		.byte	0
 1403 0665 12       		.uleb128 0x12
 1404 0666 8C000000 		.4byte	0x8c
 1405 066a 75060000 		.4byte	0x675
 1406 066e 13       		.uleb128 0x13
 1407 066f F9000000 		.4byte	0xf9
 1408 0673 01       		.byte	0x1
 1409 0674 00       		.byte	0
 1410 0675 14       		.uleb128 0x14
 1411 0676 5A020000 		.4byte	.LASF54
 1412 067a 0A       		.byte	0xa
 1413 067b 1207     		.2byte	0x712
 1414 067d 81060000 		.4byte	0x681
 1415 0681 15       		.uleb128 0x15
 1416 0682 A2000000 		.4byte	0xa2
 1417 0686 16       		.uleb128 0x16
 1418 0687 44000000 		.4byte	.LASF40
 1419 068b 44000000 		.4byte	.LASF40
 1420 068f 06       		.byte	0x6
 1421 0690 5D       		.byte	0x5d
 1422 0691 16       		.uleb128 0x16
 1423 0692 21030000 		.4byte	.LASF41
 1424 0696 21030000 		.4byte	.LASF41
 1425 069a 07       		.byte	0x7
 1426 069b E7       		.byte	0xe7
 1427 069c 16       		.uleb128 0x16
 1428 069d 25000000 		.4byte	.LASF42
 1429 06a1 25000000 		.4byte	.LASF42
 1430 06a5 08       		.byte	0x8
ARM GAS  C:\Users\Simone\AppData\Local\Temp\cc0GX0Vw.s 			page 32


 1431 06a6 8B       		.byte	0x8b
 1432 06a7 16       		.uleb128 0x16
 1433 06a8 31030000 		.4byte	.LASF43
 1434 06ac 31030000 		.4byte	.LASF43
 1435 06b0 06       		.byte	0x6
 1436 06b1 17       		.byte	0x17
 1437 06b2 16       		.uleb128 0x16
 1438 06b3 9C020000 		.4byte	.LASF44
 1439 06b7 9C020000 		.4byte	.LASF44
 1440 06bb 08       		.byte	0x8
 1441 06bc 54       		.byte	0x54
 1442 06bd 16       		.uleb128 0x16
 1443 06be 29030000 		.4byte	.LASF45
 1444 06c2 29030000 		.4byte	.LASF45
 1445 06c6 09       		.byte	0x9
 1446 06c7 76       		.byte	0x76
 1447 06c8 16       		.uleb128 0x16
 1448 06c9 B9020000 		.4byte	.LASF46
 1449 06cd B9020000 		.4byte	.LASF46
 1450 06d1 06       		.byte	0x6
 1451 06d2 28       		.byte	0x28
 1452 06d3 16       		.uleb128 0x16
 1453 06d4 A9010000 		.4byte	.LASF47
 1454 06d8 A9010000 		.4byte	.LASF47
 1455 06dc 06       		.byte	0x6
 1456 06dd 43       		.byte	0x43
 1457 06de 16       		.uleb128 0x16
 1458 06df 88010000 		.4byte	.LASF48
 1459 06e3 88010000 		.4byte	.LASF48
 1460 06e7 06       		.byte	0x6
 1461 06e8 36       		.byte	0x36
 1462 06e9 16       		.uleb128 0x16
 1463 06ea 7F000000 		.4byte	.LASF49
 1464 06ee 7F000000 		.4byte	.LASF49
 1465 06f2 08       		.byte	0x8
 1466 06f3 8C       		.byte	0x8c
 1467 06f4 00       		.byte	0
 1468              		.section	.debug_abbrev,"",%progbits
 1469              	.Ldebug_abbrev0:
 1470 0000 01       		.uleb128 0x1
 1471 0001 11       		.uleb128 0x11
 1472 0002 01       		.byte	0x1
 1473 0003 25       		.uleb128 0x25
 1474 0004 0E       		.uleb128 0xe
 1475 0005 13       		.uleb128 0x13
 1476 0006 0B       		.uleb128 0xb
 1477 0007 03       		.uleb128 0x3
 1478 0008 0E       		.uleb128 0xe
 1479 0009 1B       		.uleb128 0x1b
 1480 000a 0E       		.uleb128 0xe
 1481 000b 55       		.uleb128 0x55
 1482 000c 17       		.uleb128 0x17
 1483 000d 11       		.uleb128 0x11
 1484 000e 01       		.uleb128 0x1
 1485 000f 10       		.uleb128 0x10
 1486 0010 17       		.uleb128 0x17
 1487 0011 00       		.byte	0
ARM GAS  C:\Users\Simone\AppData\Local\Temp\cc0GX0Vw.s 			page 33


 1488 0012 00       		.byte	0
 1489 0013 02       		.uleb128 0x2
 1490 0014 24       		.uleb128 0x24
 1491 0015 00       		.byte	0
 1492 0016 0B       		.uleb128 0xb
 1493 0017 0B       		.uleb128 0xb
 1494 0018 3E       		.uleb128 0x3e
 1495 0019 0B       		.uleb128 0xb
 1496 001a 03       		.uleb128 0x3
 1497 001b 0E       		.uleb128 0xe
 1498 001c 00       		.byte	0
 1499 001d 00       		.byte	0
 1500 001e 03       		.uleb128 0x3
 1501 001f 16       		.uleb128 0x16
 1502 0020 00       		.byte	0
 1503 0021 03       		.uleb128 0x3
 1504 0022 0E       		.uleb128 0xe
 1505 0023 3A       		.uleb128 0x3a
 1506 0024 0B       		.uleb128 0xb
 1507 0025 3B       		.uleb128 0x3b
 1508 0026 0B       		.uleb128 0xb
 1509 0027 49       		.uleb128 0x49
 1510 0028 13       		.uleb128 0x13
 1511 0029 00       		.byte	0
 1512 002a 00       		.byte	0
 1513 002b 04       		.uleb128 0x4
 1514 002c 24       		.uleb128 0x24
 1515 002d 00       		.byte	0
 1516 002e 0B       		.uleb128 0xb
 1517 002f 0B       		.uleb128 0xb
 1518 0030 3E       		.uleb128 0x3e
 1519 0031 0B       		.uleb128 0xb
 1520 0032 03       		.uleb128 0x3
 1521 0033 08       		.uleb128 0x8
 1522 0034 00       		.byte	0
 1523 0035 00       		.byte	0
 1524 0036 05       		.uleb128 0x5
 1525 0037 16       		.uleb128 0x16
 1526 0038 00       		.byte	0
 1527 0039 03       		.uleb128 0x3
 1528 003a 0E       		.uleb128 0xe
 1529 003b 3A       		.uleb128 0x3a
 1530 003c 0B       		.uleb128 0xb
 1531 003d 3B       		.uleb128 0x3b
 1532 003e 05       		.uleb128 0x5
 1533 003f 49       		.uleb128 0x49
 1534 0040 13       		.uleb128 0x13
 1535 0041 00       		.byte	0
 1536 0042 00       		.byte	0
 1537 0043 06       		.uleb128 0x6
 1538 0044 04       		.uleb128 0x4
 1539 0045 01       		.byte	0x1
 1540 0046 0B       		.uleb128 0xb
 1541 0047 0B       		.uleb128 0xb
 1542 0048 49       		.uleb128 0x49
 1543 0049 13       		.uleb128 0x13
 1544 004a 3A       		.uleb128 0x3a
ARM GAS  C:\Users\Simone\AppData\Local\Temp\cc0GX0Vw.s 			page 34


 1545 004b 0B       		.uleb128 0xb
 1546 004c 3B       		.uleb128 0x3b
 1547 004d 0B       		.uleb128 0xb
 1548 004e 01       		.uleb128 0x1
 1549 004f 13       		.uleb128 0x13
 1550 0050 00       		.byte	0
 1551 0051 00       		.byte	0
 1552 0052 07       		.uleb128 0x7
 1553 0053 28       		.uleb128 0x28
 1554 0054 00       		.byte	0
 1555 0055 03       		.uleb128 0x3
 1556 0056 0E       		.uleb128 0xe
 1557 0057 1C       		.uleb128 0x1c
 1558 0058 0B       		.uleb128 0xb
 1559 0059 00       		.byte	0
 1560 005a 00       		.byte	0
 1561 005b 08       		.uleb128 0x8
 1562 005c 2E       		.uleb128 0x2e
 1563 005d 01       		.byte	0x1
 1564 005e 3F       		.uleb128 0x3f
 1565 005f 19       		.uleb128 0x19
 1566 0060 03       		.uleb128 0x3
 1567 0061 0E       		.uleb128 0xe
 1568 0062 3A       		.uleb128 0x3a
 1569 0063 0B       		.uleb128 0xb
 1570 0064 3B       		.uleb128 0x3b
 1571 0065 0B       		.uleb128 0xb
 1572 0066 27       		.uleb128 0x27
 1573 0067 19       		.uleb128 0x19
 1574 0068 49       		.uleb128 0x49
 1575 0069 13       		.uleb128 0x13
 1576 006a 8701     		.uleb128 0x87
 1577 006c 19       		.uleb128 0x19
 1578 006d 11       		.uleb128 0x11
 1579 006e 01       		.uleb128 0x1
 1580 006f 12       		.uleb128 0x12
 1581 0070 06       		.uleb128 0x6
 1582 0071 40       		.uleb128 0x40
 1583 0072 18       		.uleb128 0x18
 1584 0073 9742     		.uleb128 0x2117
 1585 0075 19       		.uleb128 0x19
 1586 0076 01       		.uleb128 0x1
 1587 0077 13       		.uleb128 0x13
 1588 0078 00       		.byte	0
 1589 0079 00       		.byte	0
 1590 007a 09       		.uleb128 0x9
 1591 007b 34       		.uleb128 0x34
 1592 007c 00       		.byte	0
 1593 007d 03       		.uleb128 0x3
 1594 007e 0E       		.uleb128 0xe
 1595 007f 3A       		.uleb128 0x3a
 1596 0080 0B       		.uleb128 0xb
 1597 0081 3B       		.uleb128 0x3b
 1598 0082 0B       		.uleb128 0xb
 1599 0083 49       		.uleb128 0x49
 1600 0084 13       		.uleb128 0x13
 1601 0085 02       		.uleb128 0x2
ARM GAS  C:\Users\Simone\AppData\Local\Temp\cc0GX0Vw.s 			page 35


 1602 0086 18       		.uleb128 0x18
 1603 0087 00       		.byte	0
 1604 0088 00       		.byte	0
 1605 0089 0A       		.uleb128 0xa
 1606 008a 34       		.uleb128 0x34
 1607 008b 00       		.byte	0
 1608 008c 03       		.uleb128 0x3
 1609 008d 0E       		.uleb128 0xe
 1610 008e 3A       		.uleb128 0x3a
 1611 008f 0B       		.uleb128 0xb
 1612 0090 3B       		.uleb128 0x3b
 1613 0091 0B       		.uleb128 0xb
 1614 0092 49       		.uleb128 0x49
 1615 0093 13       		.uleb128 0x13
 1616 0094 02       		.uleb128 0x2
 1617 0095 17       		.uleb128 0x17
 1618 0096 00       		.byte	0
 1619 0097 00       		.byte	0
 1620 0098 0B       		.uleb128 0xb
 1621 0099 34       		.uleb128 0x34
 1622 009a 00       		.byte	0
 1623 009b 03       		.uleb128 0x3
 1624 009c 0E       		.uleb128 0xe
 1625 009d 3A       		.uleb128 0x3a
 1626 009e 0B       		.uleb128 0xb
 1627 009f 3B       		.uleb128 0x3b
 1628 00a0 0B       		.uleb128 0xb
 1629 00a1 49       		.uleb128 0x49
 1630 00a2 13       		.uleb128 0x13
 1631 00a3 1C       		.uleb128 0x1c
 1632 00a4 0D       		.uleb128 0xd
 1633 00a5 00       		.byte	0
 1634 00a6 00       		.byte	0
 1635 00a7 0C       		.uleb128 0xc
 1636 00a8 0B       		.uleb128 0xb
 1637 00a9 01       		.byte	0x1
 1638 00aa 11       		.uleb128 0x11
 1639 00ab 01       		.uleb128 0x1
 1640 00ac 12       		.uleb128 0x12
 1641 00ad 06       		.uleb128 0x6
 1642 00ae 01       		.uleb128 0x1
 1643 00af 13       		.uleb128 0x13
 1644 00b0 00       		.byte	0
 1645 00b1 00       		.byte	0
 1646 00b2 0D       		.uleb128 0xd
 1647 00b3 34       		.uleb128 0x34
 1648 00b4 00       		.byte	0
 1649 00b5 03       		.uleb128 0x3
 1650 00b6 08       		.uleb128 0x8
 1651 00b7 3A       		.uleb128 0x3a
 1652 00b8 0B       		.uleb128 0xb
 1653 00b9 3B       		.uleb128 0x3b
 1654 00ba 0B       		.uleb128 0xb
 1655 00bb 49       		.uleb128 0x49
 1656 00bc 13       		.uleb128 0x13
 1657 00bd 02       		.uleb128 0x2
 1658 00be 17       		.uleb128 0x17
ARM GAS  C:\Users\Simone\AppData\Local\Temp\cc0GX0Vw.s 			page 36


 1659 00bf 00       		.byte	0
 1660 00c0 00       		.byte	0
 1661 00c1 0E       		.uleb128 0xe
 1662 00c2 898201   		.uleb128 0x4109
 1663 00c5 01       		.byte	0x1
 1664 00c6 11       		.uleb128 0x11
 1665 00c7 01       		.uleb128 0x1
 1666 00c8 31       		.uleb128 0x31
 1667 00c9 13       		.uleb128 0x13
 1668 00ca 01       		.uleb128 0x1
 1669 00cb 13       		.uleb128 0x13
 1670 00cc 00       		.byte	0
 1671 00cd 00       		.byte	0
 1672 00ce 0F       		.uleb128 0xf
 1673 00cf 8A8201   		.uleb128 0x410a
 1674 00d2 00       		.byte	0
 1675 00d3 02       		.uleb128 0x2
 1676 00d4 18       		.uleb128 0x18
 1677 00d5 9142     		.uleb128 0x2111
 1678 00d7 18       		.uleb128 0x18
 1679 00d8 00       		.byte	0
 1680 00d9 00       		.byte	0
 1681 00da 10       		.uleb128 0x10
 1682 00db 898201   		.uleb128 0x4109
 1683 00de 01       		.byte	0x1
 1684 00df 11       		.uleb128 0x11
 1685 00e0 01       		.uleb128 0x1
 1686 00e1 31       		.uleb128 0x31
 1687 00e2 13       		.uleb128 0x13
 1688 00e3 00       		.byte	0
 1689 00e4 00       		.byte	0
 1690 00e5 11       		.uleb128 0x11
 1691 00e6 898201   		.uleb128 0x4109
 1692 00e9 00       		.byte	0
 1693 00ea 11       		.uleb128 0x11
 1694 00eb 01       		.uleb128 0x1
 1695 00ec 31       		.uleb128 0x31
 1696 00ed 13       		.uleb128 0x13
 1697 00ee 00       		.byte	0
 1698 00ef 00       		.byte	0
 1699 00f0 12       		.uleb128 0x12
 1700 00f1 01       		.uleb128 0x1
 1701 00f2 01       		.byte	0x1
 1702 00f3 49       		.uleb128 0x49
 1703 00f4 13       		.uleb128 0x13
 1704 00f5 01       		.uleb128 0x1
 1705 00f6 13       		.uleb128 0x13
 1706 00f7 00       		.byte	0
 1707 00f8 00       		.byte	0
 1708 00f9 13       		.uleb128 0x13
 1709 00fa 21       		.uleb128 0x21
 1710 00fb 00       		.byte	0
 1711 00fc 49       		.uleb128 0x49
 1712 00fd 13       		.uleb128 0x13
 1713 00fe 2F       		.uleb128 0x2f
 1714 00ff 0B       		.uleb128 0xb
 1715 0100 00       		.byte	0
ARM GAS  C:\Users\Simone\AppData\Local\Temp\cc0GX0Vw.s 			page 37


 1716 0101 00       		.byte	0
 1717 0102 14       		.uleb128 0x14
 1718 0103 34       		.uleb128 0x34
 1719 0104 00       		.byte	0
 1720 0105 03       		.uleb128 0x3
 1721 0106 0E       		.uleb128 0xe
 1722 0107 3A       		.uleb128 0x3a
 1723 0108 0B       		.uleb128 0xb
 1724 0109 3B       		.uleb128 0x3b
 1725 010a 05       		.uleb128 0x5
 1726 010b 49       		.uleb128 0x49
 1727 010c 13       		.uleb128 0x13
 1728 010d 3F       		.uleb128 0x3f
 1729 010e 19       		.uleb128 0x19
 1730 010f 3C       		.uleb128 0x3c
 1731 0110 19       		.uleb128 0x19
 1732 0111 00       		.byte	0
 1733 0112 00       		.byte	0
 1734 0113 15       		.uleb128 0x15
 1735 0114 35       		.uleb128 0x35
 1736 0115 00       		.byte	0
 1737 0116 49       		.uleb128 0x49
 1738 0117 13       		.uleb128 0x13
 1739 0118 00       		.byte	0
 1740 0119 00       		.byte	0
 1741 011a 16       		.uleb128 0x16
 1742 011b 2E       		.uleb128 0x2e
 1743 011c 00       		.byte	0
 1744 011d 3F       		.uleb128 0x3f
 1745 011e 19       		.uleb128 0x19
 1746 011f 3C       		.uleb128 0x3c
 1747 0120 19       		.uleb128 0x19
 1748 0121 6E       		.uleb128 0x6e
 1749 0122 0E       		.uleb128 0xe
 1750 0123 03       		.uleb128 0x3
 1751 0124 0E       		.uleb128 0xe
 1752 0125 3A       		.uleb128 0x3a
 1753 0126 0B       		.uleb128 0xb
 1754 0127 3B       		.uleb128 0x3b
 1755 0128 0B       		.uleb128 0xb
 1756 0129 00       		.byte	0
 1757 012a 00       		.byte	0
 1758 012b 00       		.byte	0
 1759              		.section	.debug_loc,"",%progbits
 1760              	.Ldebug_loc0:
 1761              	.LLST0:
 1762 0000 42000000 		.4byte	.LVL8
 1763 0004 4C000000 		.4byte	.LVL9
 1764 0008 0100     		.2byte	0x1
 1765 000a 50       		.byte	0x50
 1766 000b 58000000 		.4byte	.LVL12
 1767 000f 5A000000 		.4byte	.LVL13
 1768 0013 0100     		.2byte	0x1
 1769 0015 50       		.byte	0x50
 1770 0016 6A000000 		.4byte	.LVL15
 1771 001a 74000000 		.4byte	.LVL16
 1772 001e 0100     		.2byte	0x1
ARM GAS  C:\Users\Simone\AppData\Local\Temp\cc0GX0Vw.s 			page 38


 1773 0020 50       		.byte	0x50
 1774 0021 80000000 		.4byte	.LVL19
 1775 0025 82000000 		.4byte	.LVL20
 1776 0029 0100     		.2byte	0x1
 1777 002b 50       		.byte	0x50
 1778 002c 92000000 		.4byte	.LVL22
 1779 0030 9C000000 		.4byte	.LVL23
 1780 0034 0100     		.2byte	0x1
 1781 0036 50       		.byte	0x50
 1782 0037 A8000000 		.4byte	.LVL26
 1783 003b AA000000 		.4byte	.LVL27
 1784 003f 0100     		.2byte	0x1
 1785 0041 50       		.byte	0x50
 1786 0042 CA000000 		.4byte	.LVL30
 1787 0046 D4000000 		.4byte	.LVL31
 1788 004a 0100     		.2byte	0x1
 1789 004c 50       		.byte	0x50
 1790 004d E0000000 		.4byte	.LVL34
 1791 0051 E2000000 		.4byte	.LVL35
 1792 0055 0100     		.2byte	0x1
 1793 0057 50       		.byte	0x50
 1794 0058 F2000000 		.4byte	.LVL37
 1795 005c FC000000 		.4byte	.LVL38
 1796 0060 0100     		.2byte	0x1
 1797 0062 50       		.byte	0x50
 1798 0063 08010000 		.4byte	.LVL41
 1799 0067 0A010000 		.4byte	.LVL42
 1800 006b 0100     		.2byte	0x1
 1801 006d 50       		.byte	0x50
 1802 006e 18010000 		.4byte	.LVL44
 1803 0072 22010000 		.4byte	.LVL45
 1804 0076 0100     		.2byte	0x1
 1805 0078 50       		.byte	0x50
 1806 0079 2E010000 		.4byte	.LVL48
 1807 007d 30010000 		.4byte	.LVL49
 1808 0081 0100     		.2byte	0x1
 1809 0083 50       		.byte	0x50
 1810 0084 4E010000 		.4byte	.LVL53
 1811 0088 58010000 		.4byte	.LVL54
 1812 008c 0100     		.2byte	0x1
 1813 008e 50       		.byte	0x50
 1814 008f 64010000 		.4byte	.LVL57
 1815 0093 66010000 		.4byte	.LVL58
 1816 0097 0100     		.2byte	0x1
 1817 0099 50       		.byte	0x50
 1818 009a 88010000 		.4byte	.LVL61
 1819 009e A6010000 		.4byte	.LVL62
 1820 00a2 0100     		.2byte	0x1
 1821 00a4 50       		.byte	0x50
 1822 00a5 C2010000 		.4byte	.LVL65
 1823 00a9 1E020000 		.4byte	.LVL74
 1824 00ad 0100     		.2byte	0x1
 1825 00af 50       		.byte	0x50
 1826 00b0 00000000 		.4byte	0
 1827 00b4 00000000 		.4byte	0
 1828              	.LLST1:
 1829 00b8 D6010000 		.4byte	.LVL66
ARM GAS  C:\Users\Simone\AppData\Local\Temp\cc0GX0Vw.s 			page 39


 1830 00bc DE010000 		.4byte	.LVL67
 1831 00c0 0100     		.2byte	0x1
 1832 00c2 53       		.byte	0x53
 1833 00c3 DE010000 		.4byte	.LVL67
 1834 00c7 EA010000 		.4byte	.LVL68
 1835 00cb 1400     		.2byte	0x14
 1836 00cd 72       		.byte	0x72
 1837 00ce 00       		.sleb128 0
 1838 00cf 38       		.byte	0x38
 1839 00d0 24       		.byte	0x24
 1840 00d1 91       		.byte	0x91
 1841 00d2 B47F     		.sleb128 -76
 1842 00d4 94       		.byte	0x94
 1843 00d5 01       		.byte	0x1
 1844 00d6 08       		.byte	0x8
 1845 00d7 FF       		.byte	0xff
 1846 00d8 1A       		.byte	0x1a
 1847 00d9 21       		.byte	0x21
 1848 00da 09       		.byte	0x9
 1849 00db F4       		.byte	0xf4
 1850 00dc 24       		.byte	0x24
 1851 00dd 09       		.byte	0x9
 1852 00de FA       		.byte	0xfa
 1853 00df 26       		.byte	0x26
 1854 00e0 9F       		.byte	0x9f
 1855 00e1 EA010000 		.4byte	.LVL68
 1856 00e5 21020000 		.4byte	.LVL75-1
 1857 00e9 1A00     		.2byte	0x1a
 1858 00eb 91       		.byte	0x91
 1859 00ec B57F     		.sleb128 -75
 1860 00ee 94       		.byte	0x94
 1861 00ef 01       		.byte	0x1
 1862 00f0 08       		.byte	0x8
 1863 00f1 FF       		.byte	0xff
 1864 00f2 1A       		.byte	0x1a
 1865 00f3 38       		.byte	0x38
 1866 00f4 24       		.byte	0x24
 1867 00f5 91       		.byte	0x91
 1868 00f6 B47F     		.sleb128 -76
 1869 00f8 94       		.byte	0x94
 1870 00f9 01       		.byte	0x1
 1871 00fa 08       		.byte	0x8
 1872 00fb FF       		.byte	0xff
 1873 00fc 1A       		.byte	0x1a
 1874 00fd 21       		.byte	0x21
 1875 00fe 09       		.byte	0x9
 1876 00ff F4       		.byte	0xf4
 1877 0100 24       		.byte	0x24
 1878 0101 09       		.byte	0x9
 1879 0102 FA       		.byte	0xfa
 1880 0103 26       		.byte	0x26
 1881 0104 9F       		.byte	0x9f
 1882 0105 00000000 		.4byte	0
 1883 0109 00000000 		.4byte	0
 1884              	.LLST2:
 1885 010d F2010000 		.4byte	.LVL69
 1886 0111 FA010000 		.4byte	.LVL70
ARM GAS  C:\Users\Simone\AppData\Local\Temp\cc0GX0Vw.s 			page 40


 1887 0115 0100     		.2byte	0x1
 1888 0117 53       		.byte	0x53
 1889 0118 FA010000 		.4byte	.LVL70
 1890 011c 06020000 		.4byte	.LVL71
 1891 0120 1400     		.2byte	0x14
 1892 0122 72       		.byte	0x72
 1893 0123 00       		.sleb128 0
 1894 0124 38       		.byte	0x38
 1895 0125 24       		.byte	0x24
 1896 0126 91       		.byte	0x91
 1897 0127 B07F     		.sleb128 -80
 1898 0129 94       		.byte	0x94
 1899 012a 01       		.byte	0x1
 1900 012b 08       		.byte	0x8
 1901 012c FF       		.byte	0xff
 1902 012d 1A       		.byte	0x1a
 1903 012e 21       		.byte	0x21
 1904 012f 09       		.byte	0x9
 1905 0130 F4       		.byte	0xf4
 1906 0131 24       		.byte	0x24
 1907 0132 09       		.byte	0x9
 1908 0133 FA       		.byte	0xfa
 1909 0134 26       		.byte	0x26
 1910 0135 9F       		.byte	0x9f
 1911 0136 06020000 		.4byte	.LVL71
 1912 013a 21020000 		.4byte	.LVL75-1
 1913 013e 1A00     		.2byte	0x1a
 1914 0140 91       		.byte	0x91
 1915 0141 B17F     		.sleb128 -79
 1916 0143 94       		.byte	0x94
 1917 0144 01       		.byte	0x1
 1918 0145 08       		.byte	0x8
 1919 0146 FF       		.byte	0xff
 1920 0147 1A       		.byte	0x1a
 1921 0148 38       		.byte	0x38
 1922 0149 24       		.byte	0x24
 1923 014a 91       		.byte	0x91
 1924 014b B07F     		.sleb128 -80
 1925 014d 94       		.byte	0x94
 1926 014e 01       		.byte	0x1
 1927 014f 08       		.byte	0x8
 1928 0150 FF       		.byte	0xff
 1929 0151 1A       		.byte	0x1a
 1930 0152 21       		.byte	0x21
 1931 0153 09       		.byte	0x9
 1932 0154 F4       		.byte	0xf4
 1933 0155 24       		.byte	0x24
 1934 0156 09       		.byte	0x9
 1935 0157 FA       		.byte	0xfa
 1936 0158 26       		.byte	0x26
 1937 0159 9F       		.byte	0x9f
 1938 015a 00000000 		.4byte	0
 1939 015e 00000000 		.4byte	0
 1940              	.LLST3:
 1941 0162 0E020000 		.4byte	.LVL72
 1942 0166 16020000 		.4byte	.LVL73
 1943 016a 0100     		.2byte	0x1
ARM GAS  C:\Users\Simone\AppData\Local\Temp\cc0GX0Vw.s 			page 41


 1944 016c 53       		.byte	0x53
 1945 016d 16020000 		.4byte	.LVL73
 1946 0171 21020000 		.4byte	.LVL75-1
 1947 0175 1400     		.2byte	0x14
 1948 0177 72       		.byte	0x72
 1949 0178 00       		.sleb128 0
 1950 0179 38       		.byte	0x38
 1951 017a 24       		.byte	0x24
 1952 017b 91       		.byte	0x91
 1953 017c AC7F     		.sleb128 -84
 1954 017e 94       		.byte	0x94
 1955 017f 01       		.byte	0x1
 1956 0180 08       		.byte	0x8
 1957 0181 FF       		.byte	0xff
 1958 0182 1A       		.byte	0x1a
 1959 0183 21       		.byte	0x21
 1960 0184 09       		.byte	0x9
 1961 0185 F4       		.byte	0xf4
 1962 0186 24       		.byte	0x24
 1963 0187 09       		.byte	0x9
 1964 0188 FA       		.byte	0xfa
 1965 0189 26       		.byte	0x26
 1966 018a 9F       		.byte	0x9f
 1967 018b 00000000 		.4byte	0
 1968 018f 00000000 		.4byte	0
 1969              	.LLST4:
 1970 0193 14000000 		.4byte	.LVL2
 1971 0197 18000000 		.4byte	.LVL3
 1972 019b 0200     		.2byte	0x2
 1973 019d 30       		.byte	0x30
 1974 019e 9F       		.byte	0x9f
 1975 019f 18000000 		.4byte	.LVL3
 1976 01a3 38010000 		.4byte	.LVL51
 1977 01a7 0100     		.2byte	0x1
 1978 01a9 54       		.byte	0x54
 1979 01aa 00000000 		.4byte	0
 1980 01ae 00000000 		.4byte	0
 1981              		.section	.debug_aranges,"",%progbits
 1982 0000 1C000000 		.4byte	0x1c
 1983 0004 0200     		.2byte	0x2
 1984 0006 00000000 		.4byte	.Ldebug_info0
 1985 000a 04       		.byte	0x4
 1986 000b 00       		.byte	0
 1987 000c 0000     		.2byte	0
 1988 000e 0000     		.2byte	0
 1989 0010 00000000 		.4byte	.LFB64
 1990 0014 5C020000 		.4byte	.LFE64-.LFB64
 1991 0018 00000000 		.4byte	0
 1992 001c 00000000 		.4byte	0
 1993              		.section	.debug_ranges,"",%progbits
 1994              	.Ldebug_ranges0:
 1995 0000 00000000 		.4byte	.LFB64
 1996 0004 5C020000 		.4byte	.LFE64
 1997 0008 00000000 		.4byte	0
 1998 000c 00000000 		.4byte	0
 1999              		.section	.debug_line,"",%progbits
 2000              	.Ldebug_line0:
ARM GAS  C:\Users\Simone\AppData\Local\Temp\cc0GX0Vw.s 			page 42


 2001 0000 6C020000 		.section	.debug_str,"MS",%progbits,1
 2001      0200FD01 
 2001      00000201 
 2001      FB0E0D00 
 2001      01010101 
 2002              	.LASF24:
 2003 0000 6D657373 		.ascii	"message\000"
 2003      61676500 
 2004              	.LASF30:
 2005 0008 4F75745F 		.ascii	"Out_X\000"
 2005      5800
 2006              	.LASF31:
 2007 000e 4F75745F 		.ascii	"Out_Y\000"
 2007      5900
 2008              	.LASF32:
 2009 0014 4F75745F 		.ascii	"Out_Z\000"
 2009      5A00
 2010              	.LASF39:
 2011 001a 73746174 		.ascii	"status_reg\000"
 2011      75735F72 
 2011      656700
 2012              	.LASF42:
 2013 0025 55415254 		.ascii	"UART_Debug_PutString\000"
 2013      5F446562 
 2013      75675F50 
 2013      75745374 
 2013      72696E67 
 2014              	.LASF2:
 2015 003a 5F5F7569 		.ascii	"__uint8_t\000"
 2015      6E74385F 
 2015      7400
 2016              	.LASF40:
 2017 0044 4932435F 		.ascii	"I2C_Peripheral_IsDeviceConnected\000"
 2017      50657269 
 2017      70686572 
 2017      616C5F49 
 2017      73446576 
 2018              	.LASF36:
 2019 0065 585F4461 		.ascii	"X_Data\000"
 2019      746100
 2020              	.LASF6:
 2021 006c 5F5F696E 		.ascii	"__int32_t\000"
 2021      7433325F 
 2021      7400
 2022              	.LASF7:
 2023 0076 6C6F6E67 		.ascii	"long int\000"
 2023      20696E74 
 2023      00
 2024              	.LASF49:
 2025 007f 55415254 		.ascii	"UART_Debug_PutArray\000"
 2025      5F446562 
 2025      75675F50 
 2025      75744172 
 2025      72617900 
 2026              	.LASF21:
 2027 0093 4572726F 		.ascii	"ErrorCode\000"
 2027      72436F64 
ARM GAS  C:\Users\Simone\AppData\Local\Temp\cc0GX0Vw.s 			page 43


 2027      6500
 2028              	.LASF17:
 2029 009d 646F7562 		.ascii	"double\000"
 2029      6C6500
 2030              	.LASF16:
 2031 00a4 666C6F61 		.ascii	"float\000"
 2031      7400
 2032              	.LASF35:
 2033 00aa 4F757441 		.ascii	"OutArray\000"
 2033      72726179 
 2033      00
 2034              	.LASF1:
 2035 00b3 756E7369 		.ascii	"unsigned char\000"
 2035      676E6564 
 2035      20636861 
 2035      7200
 2036              	.LASF50:
 2037 00c1 474E5520 		.ascii	"GNU C11 5.4.1 20160609 (release) [ARM/embedded-5-br"
 2037      43313120 
 2037      352E342E 
 2037      31203230 
 2037      31363036 
 2038 00f4 616E6368 		.ascii	"anch revision 237715] -mcpu=cortex-m3 -mthumb -g -O"
 2038      20726576 
 2038      6973696F 
 2038      6E203233 
 2038      37373135 
 2039 0127 67202D66 		.ascii	"g -ffunction-sections -ffat-lto-objects\000"
 2039      66756E63 
 2039      74696F6E 
 2039      2D736563 
 2039      74696F6E 
 2040              	.LASF15:
 2041 014f 696E7431 		.ascii	"int16\000"
 2041      3600
 2042              	.LASF8:
 2043 0155 6C6F6E67 		.ascii	"long unsigned int\000"
 2043      20756E73 
 2043      69676E65 
 2043      6420696E 
 2043      7400
 2044              	.LASF5:
 2045 0167 73686F72 		.ascii	"short unsigned int\000"
 2045      7420756E 
 2045      7369676E 
 2045      65642069 
 2045      6E7400
 2046              	.LASF34:
 2047 017a 666F6F74 		.ascii	"footer\000"
 2047      657200
 2048              	.LASF37:
 2049 0181 595F4461 		.ascii	"Y_Data\000"
 2049      746100
 2050              	.LASF48:
 2051 0188 4932435F 		.ascii	"I2C_Peripheral_ReadRegisterMulti\000"
 2051      50657269 
 2051      70686572 
ARM GAS  C:\Users\Simone\AppData\Local\Temp\cc0GX0Vw.s 			page 44


 2051      616C5F52 
 2051      65616452 
 2052              	.LASF47:
 2053 01a9 4932435F 		.ascii	"I2C_Peripheral_WriteRegister\000"
 2053      50657269 
 2053      70686572 
 2053      616C5F57 
 2053      72697465 
 2054              	.LASF53:
 2055 01c6 6D61696E 		.ascii	"main\000"
 2055      00
 2056              	.LASF3:
 2057 01cb 5F5F696E 		.ascii	"__int16_t\000"
 2057      7431365F 
 2057      7400
 2058              	.LASF28:
 2059 01d5 6374726C 		.ascii	"ctrl_reg1\000"
 2059      5F726567 
 2059      3100
 2060              	.LASF52:
 2061 01df 433A5C55 		.ascii	"C:\\Users\\Simone\\Desktop\\PSoC_03\\AY1920_II_HW_0"
 2061      73657273 
 2061      5C53696D 
 2061      6F6E655C 
 2061      4465736B 
 2062 020d 355F5052 		.ascii	"5_PROJ_2.cydsn\000"
 2062      4F4A5F32 
 2062      2E637964 
 2062      736E00
 2063              	.LASF29:
 2064 021c 6374726C 		.ascii	"ctrl_reg4\000"
 2064      5F726567 
 2064      3400
 2065              	.LASF11:
 2066 0226 756E7369 		.ascii	"unsigned int\000"
 2066      676E6564 
 2066      20696E74 
 2066      00
 2067              	.LASF10:
 2068 0233 6C6F6E67 		.ascii	"long long unsigned int\000"
 2068      206C6F6E 
 2068      6720756E 
 2068      7369676E 
 2068      65642069 
 2069              	.LASF12:
 2070 024a 75696E74 		.ascii	"uint8_t\000"
 2070      385F7400 
 2071              	.LASF13:
 2072 0252 696E7431 		.ascii	"int16_t\000"
 2072      365F7400 
 2073              	.LASF54:
 2074 025a 49544D5F 		.ascii	"ITM_RxBuffer\000"
 2074      52784275 
 2074      66666572 
 2074      00
 2075              	.LASF27:
 2076 0267 73746174 		.ascii	"status_register\000"
ARM GAS  C:\Users\Simone\AppData\Local\Temp\cc0GX0Vw.s 			page 45


 2076      75735F72 
 2076      65676973 
 2076      74657200 
 2077              	.LASF14:
 2078 0277 696E7433 		.ascii	"int32_t\000"
 2078      325F7400 
 2079              	.LASF23:
 2080 027f 73697A65 		.ascii	"sizetype\000"
 2080      74797065 
 2080      00
 2081              	.LASF26:
 2082 0288 6572726F 		.ascii	"error\000"
 2082      7200
 2083              	.LASF9:
 2084 028e 6C6F6E67 		.ascii	"long long int\000"
 2084      206C6F6E 
 2084      6720696E 
 2084      7400
 2085              	.LASF44:
 2086 029c 55415254 		.ascii	"UART_Debug_Start\000"
 2086      5F446562 
 2086      75675F53 
 2086      74617274 
 2086      00
 2087              	.LASF51:
 2088 02ad 6D61696E 		.ascii	"main.c\000"
 2088      2E6300
 2089              	.LASF18:
 2090 02b4 63686172 		.ascii	"char\000"
 2090      00
 2091              	.LASF46:
 2092 02b9 4932435F 		.ascii	"I2C_Peripheral_ReadRegister\000"
 2092      50657269 
 2092      70686572 
 2092      616C5F52 
 2092      65616452 
 2093              	.LASF4:
 2094 02d5 73686F72 		.ascii	"short int\000"
 2094      7420696E 
 2094      7400
 2095              	.LASF38:
 2096 02df 5A5F4461 		.ascii	"Z_Data\000"
 2096      746100
 2097              	.LASF19:
 2098 02e6 4E4F5F45 		.ascii	"NO_ERROR\000"
 2098      52524F52 
 2098      00
 2099              	.LASF33:
 2100 02ef 68656164 		.ascii	"header\000"
 2100      657200
 2101              	.LASF20:
 2102 02f6 4552524F 		.ascii	"ERROR\000"
 2102      5200
 2103              	.LASF22:
 2104 02fc 6C6F6E67 		.ascii	"long double\000"
 2104      20646F75 
 2104      626C6500 
ARM GAS  C:\Users\Simone\AppData\Local\Temp\cc0GX0Vw.s 			page 46


 2105              	.LASF0:
 2106 0308 7369676E 		.ascii	"signed char\000"
 2106      65642063 
 2106      68617200 
 2107              	.LASF25:
 2108 0314 77686F5F 		.ascii	"who_am_i_reg\000"
 2108      616D5F69 
 2108      5F726567 
 2108      00
 2109              	.LASF41:
 2110 0321 73707269 		.ascii	"sprintf\000"
 2110      6E746600 
 2111              	.LASF45:
 2112 0329 43794465 		.ascii	"CyDelay\000"
 2112      6C617900 
 2113              	.LASF43:
 2114 0331 4932435F 		.ascii	"I2C_Peripheral_Start\000"
 2114      50657269 
 2114      70686572 
 2114      616C5F53 
 2114      74617274 
 2115              		.ident	"GCC: (GNU Tools for ARM Embedded Processors) 5.4.1 20160609 (release) [ARM/embedded-5-bran
